[2019-10-19 09:58:52] local.ERROR: View [create.category] not found. {"exception":"[object] (InvalidArgumentException(code: 0): View [create.category] not found. at E:\\EDUCATION\\YEAR 3\\PROJECT DATABASE\\SPRINT 2 0872\\WEBDEV\\DB-Library_Petch_Part\\vendor\\laravel\\framework\\src\\Illuminate\\View\\FileViewFinder.php:137)
[stacktrace]
#0 E:\\EDUCATION\\YEAR 3\\PROJECT DATABASE\\SPRINT 2 0872\\WEBDEV\\DB-Library_Petch_Part\\vendor\\laravel\\framework\\src\\Illuminate\\View\\FileViewFinder.php(79): Illuminate\\View\\FileViewFinder->findInPaths('create.category', Array)
#1 E:\\EDUCATION\\YEAR 3\\PROJECT DATABASE\\SPRINT 2 0872\\WEBDEV\\DB-Library_Petch_Part\\vendor\\laravel\\framework\\src\\Illuminate\\View\\Factory.php(131): Illuminate\\View\\FileViewFinder->find('create.category')
#2 E:\\EDUCATION\\YEAR 3\\PROJECT DATABASE\\SPRINT 2 0872\\WEBDEV\\DB-Library_Petch_Part\\vendor\\laravel\\framework\\src\\Illuminate\\Foundation\\helpers.php(971): Illuminate\\View\\Factory->make('create.category', Array, Array)
#3 E:\\EDUCATION\\YEAR 3\\PROJECT DATABASE\\SPRINT 2 0872\\WEBDEV\\DB-Library_Petch_Part\outes\\web.php(23): view('create.category')
#4 E:\\EDUCATION\\YEAR 3\\PROJECT DATABASE\\SPRINT 2 0872\\WEBDEV\\DB-Library_Petch_Part\\vendor\\laravel\\framework\\src\\Illuminate\\Routing\\Route.php(205): Illuminate\\Routing\\RouteFileRegistrar->{closure}()
#5 E:\\EDUCATION\\YEAR 3\\PROJECT DATABASE\\SPRINT 2 0872\\WEBDEV\\DB-Library_Petch_Part\\vendor\\laravel\\framework\\src\\Illuminate\\Routing\\Route.php(179): Illuminate\\Routing\\Route->runCallable()
#6 E:\\EDUCATION\\YEAR 3\\PROJECT DATABASE\\SPRINT 2 0872\\WEBDEV\\DB-Library_Petch_Part\\vendor\\laravel\\framework\\src\\Illuminate\\Routing\\Router.php(680): Illuminate\\Routing\\Route->run()
#7 E:\\EDUCATION\\YEAR 3\\PROJECT DATABASE\\SPRINT 2 0872\\WEBDEV\\DB-Library_Petch_Part\\vendor\\laravel\\framework\\src\\Illuminate\\Routing\\Pipeline.php(30): Illuminate\\Routing\\Router->Illuminate\\Routing\\{closure}(Object(Illuminate\\Http\\Request))
#8 E:\\EDUCATION\\YEAR 3\\PROJECT DATABASE\\SPRINT 2 0872\\WEBDEV\\DB-Library_Petch_Part\\vendor\\laravel\\framework\\src\\Illuminate\\Routing\\Middleware\\SubstituteBindings.php(41): Illuminate\\Routing\\Pipeline->Illuminate\\Routing\\{closure}(Object(Illuminate\\Http\\Request))
#9 E:\\EDUCATION\\YEAR 3\\PROJECT DATABASE\\SPRINT 2 0872\\WEBDEV\\DB-Library_Petch_Part\\vendor\\laravel\\framework\\src\\Illuminate\\Pipeline\\Pipeline.php(163): Illuminate\\Routing\\Middleware\\SubstituteBindings->handle(Object(Illuminate\\Http\\Request), Object(Closure))
#10 E:\\EDUCATION\\YEAR 3\\PROJECT DATABASE\\SPRINT 2 0872\\WEBDEV\\DB-Library_Petch_Part\\vendor\\laravel\\framework\\src\\Illuminate\\Routing\\Pipeline.php(53): Illuminate\\Pipeline\\Pipeline->Illuminate\\Pipeline\\{closure}(Object(Illuminate\\Http\\Request))
#11 E:\\EDUCATION\\YEAR 3\\PROJECT DATABASE\\SPRINT 2 0872\\WEBDEV\\DB-Library_Petch_Part\\vendor\\laravel\\framework\\src\\Illuminate\\Foundation\\Http\\Middleware\\VerifyCsrfToken.php(75): Illuminate\\Routing\\Pipeline->Illuminate\\Routing\\{closure}(Object(Illuminate\\Http\\Request))
#12 E:\\EDUCATION\\YEAR 3\\PROJECT DATABASE\\SPRINT 2 0872\\WEBDEV\\DB-Library_Petch_Part\\vendor\\laravel\\framework\\src\\Illuminate\\Pipeline\\Pipeline.php(163): Illuminate\\Foundation\\Http\\Middleware\\VerifyCsrfToken->handle(Object(Illuminate\\Http\\Request), Object(Closure))
#13 E:\\EDUCATION\\YEAR 3\\PROJECT DATABASE\\SPRINT 2 0872\\WEBDEV\\DB-Library_Petch_Part\\vendor\\laravel\\framework\\src\\Illuminate\\Routing\\Pipeline.php(53): Illuminate\\Pipeline\\Pipeline->Illuminate\\Pipeline\\{closure}(Object(Illuminate\\Http\\Request))
#14 E:\\EDUCATION\\YEAR 3\\PROJECT DATABASE\\SPRINT 2 0872\\WEBDEV\\DB-Library_Petch_Part\\vendor\\laravel\\framework\\src\\Illuminate\\View\\Middleware\\ShareErrorsFromSession.php(49): Illuminate\\Routing\\Pipeline->Illuminate\\Routing\\{closure}(Object(Illuminate\\Http\\Request))
#15 E:\\EDUCATION\\YEAR 3\\PROJECT DATABASE\\SPRINT 2 0872\\WEBDEV\\DB-Library_Petch_Part\\vendor\\laravel\\framework\\src\\Illuminate\\Pipeline\\Pipeline.php(163): Illuminate\\View\\Middleware\\ShareErrorsFromSession->handle(Object(Illuminate\\Http\\Request), Object(Closure))
#16 E:\\EDUCATION\\YEAR 3\\PROJECT DATABASE\\SPRINT 2 0872\\WEBDEV\\DB-Library_Petch_Part\\vendor\\laravel\\framework\\src\\Illuminate\\Routing\\Pipeline.php(53): Illuminate\\Pipeline\\Pipeline->Illuminate\\Pipeline\\{closure}(Object(Illuminate\\Http\\Request))
#17 E:\\EDUCATION\\YEAR 3\\PROJECT DATABASE\\SPRINT 2 0872\\WEBDEV\\DB-Library_Petch_Part\\vendor\\laravel\\framework\\src\\Illuminate\\Session\\Middleware\\StartSession.php(56): Illuminate\\Routing\\Pipeline->Illuminate\\Routing\\{closure}(Object(Illuminate\\Http\\Request))
#18 E:\\EDUCATION\\YEAR 3\\PROJECT DATABASE\\SPRINT 2 0872\\WEBDEV\\DB-Library_Petch_Part\\vendor\\laravel\\framework\\src\\Illuminate\\Pipeline\\Pipeline.php(163): Illuminate\\Session\\Middleware\\StartSession->handle(Object(Illuminate\\Http\\Request), Object(Closure))
#19 E:\\EDUCATION\\YEAR 3\\PROJECT DATABASE\\SPRINT 2 0872\\WEBDEV\\DB-Library_Petch_Part\\vendor\\laravel\\framework\\src\\Illuminate\\Routing\\Pipeline.php(53): Illuminate\\Pipeline\\Pipeline->Illuminate\\Pipeline\\{closure}(Object(Illuminate\\Http\\Request))
#20 E:\\EDUCATION\\YEAR 3\\PROJECT DATABASE\\SPRINT 2 0872\\WEBDEV\\DB-Library_Petch_Part\\vendor\\laravel\\framework\\src\\Illuminate\\Cookie\\Middleware\\AddQueuedCookiesToResponse.php(37): Illuminate\\Routing\\Pipeline->Illuminate\\Routing\\{closure}(Object(Illuminate\\Http\\Request))
#21 E:\\EDUCATION\\YEAR 3\\PROJECT DATABASE\\SPRINT 2 0872\\WEBDEV\\DB-Library_Petch_Part\\vendor\\laravel\\framework\\src\\Illuminate\\Pipeline\\Pipeline.php(163): Illuminate\\Cookie\\Middleware\\AddQueuedCookiesToResponse->handle(Object(Illuminate\\Http\\Request), Object(Closure))
#22 E:\\EDUCATION\\YEAR 3\\PROJECT DATABASE\\SPRINT 2 0872\\WEBDEV\\DB-Library_Petch_Part\\vendor\\laravel\\framework\\src\\Illuminate\\Routing\\Pipeline.php(53): Illuminate\\Pipeline\\Pipeline->Illuminate\\Pipeline\\{closure}(Object(Illuminate\\Http\\Request))
#23 E:\\EDUCATION\\YEAR 3\\PROJECT DATABASE\\SPRINT 2 0872\\WEBDEV\\DB-Library_Petch_Part\\vendor\\laravel\\framework\\src\\Illuminate\\Cookie\\Middleware\\EncryptCookies.php(66): Illuminate\\Routing\\Pipeline->Illuminate\\Routing\\{closure}(Object(Illuminate\\Http\\Request))
#24 E:\\EDUCATION\\YEAR 3\\PROJECT DATABASE\\SPRINT 2 0872\\WEBDEV\\DB-Library_Petch_Part\\vendor\\laravel\\framework\\src\\Illuminate\\Pipeline\\Pipeline.php(163): Illuminate\\Cookie\\Middleware\\EncryptCookies->handle(Object(Illuminate\\Http\\Request), Object(Closure))
#25 E:\\EDUCATION\\YEAR 3\\PROJECT DATABASE\\SPRINT 2 0872\\WEBDEV\\DB-Library_Petch_Part\\vendor\\laravel\\framework\\src\\Illuminate\\Routing\\Pipeline.php(53): Illuminate\\Pipeline\\Pipeline->Illuminate\\Pipeline\\{closure}(Object(Illuminate\\Http\\Request))
#26 E:\\EDUCATION\\YEAR 3\\PROJECT DATABASE\\SPRINT 2 0872\\WEBDEV\\DB-Library_Petch_Part\\vendor\\laravel\\framework\\src\\Illuminate\\Pipeline\\Pipeline.php(104): Illuminate\\Routing\\Pipeline->Illuminate\\Routing\\{closure}(Object(Illuminate\\Http\\Request))
#27 E:\\EDUCATION\\YEAR 3\\PROJECT DATABASE\\SPRINT 2 0872\\WEBDEV\\DB-Library_Petch_Part\\vendor\\laravel\\framework\\src\\Illuminate\\Routing\\Router.php(682): Illuminate\\Pipeline\\Pipeline->then(Object(Closure))
#28 E:\\EDUCATION\\YEAR 3\\PROJECT DATABASE\\SPRINT 2 0872\\WEBDEV\\DB-Library_Petch_Part\\vendor\\laravel\\framework\\src\\Illuminate\\Routing\\Router.php(657): Illuminate\\Routing\\Router->runRouteWithinStack(Object(Illuminate\\Routing\\Route), Object(Illuminate\\Http\\Request))
#29 E:\\EDUCATION\\YEAR 3\\PROJECT DATABASE\\SPRINT 2 0872\\WEBDEV\\DB-Library_Petch_Part\\vendor\\laravel\\framework\\src\\Illuminate\\Routing\\Router.php(623): Illuminate\\Routing\\Router->runRoute(Object(Illuminate\\Http\\Request), Object(Illuminate\\Routing\\Route))
#30 E:\\EDUCATION\\YEAR 3\\PROJECT DATABASE\\SPRINT 2 0872\\WEBDEV\\DB-Library_Petch_Part\\vendor\\laravel\\framework\\src\\Illuminate\\Routing\\Router.php(612): Illuminate\\Routing\\Router->dispatchToRoute(Object(Illuminate\\Http\\Request))
#31 E:\\EDUCATION\\YEAR 3\\PROJECT DATABASE\\SPRINT 2 0872\\WEBDEV\\DB-Library_Petch_Part\\vendor\\laravel\\framework\\src\\Illuminate\\Foundation\\Http\\Kernel.php(176): Illuminate\\Routing\\Router->dispatch(Object(Illuminate\\Http\\Request))
#32 E:\\EDUCATION\\YEAR 3\\PROJECT DATABASE\\SPRINT 2 0872\\WEBDEV\\DB-Library_Petch_Part\\vendor\\laravel\\framework\\src\\Illuminate\\Routing\\Pipeline.php(30): Illuminate\\Foundation\\Http\\Kernel->Illuminate\\Foundation\\Http\\{closure}(Object(Illuminate\\Http\\Request))
#33 E:\\EDUCATION\\YEAR 3\\PROJECT DATABASE\\SPRINT 2 0872\\WEBDEV\\DB-Library_Petch_Part\\vendor\\laravel\\framework\\src\\Illuminate\\Foundation\\Http\\Middleware\\TransformsRequest.php(21): Illuminate\\Routing\\Pipeline->Illuminate\\Routing\\{closure}(Object(Illuminate\\Http\\Request))
#34 E:\\EDUCATION\\YEAR 3\\PROJECT DATABASE\\SPRINT 2 0872\\WEBDEV\\DB-Library_Petch_Part\\vendor\\laravel\\framework\\src\\Illuminate\\Pipeline\\Pipeline.php(163): Illuminate\\Foundation\\Http\\Middleware\\TransformsRequest->handle(Object(Illuminate\\Http\\Request), Object(Closure))
#35 E:\\EDUCATION\\YEAR 3\\PROJECT DATABASE\\SPRINT 2 0872\\WEBDEV\\DB-Library_Petch_Part\\vendor\\laravel\\framework\\src\\Illuminate\\Routing\\Pipeline.php(53): Illuminate\\Pipeline\\Pipeline->Illuminate\\Pipeline\\{closure}(Object(Illuminate\\Http\\Request))
#36 E:\\EDUCATION\\YEAR 3\\PROJECT DATABASE\\SPRINT 2 0872\\WEBDEV\\DB-Library_Petch_Part\\vendor\\laravel\\framework\\src\\Illuminate\\Foundation\\Http\\Middleware\\TransformsRequest.php(21): Illuminate\\Routing\\Pipeline->Illuminate\\Routing\\{closure}(Object(Illuminate\\Http\\Request))
#37 E:\\EDUCATION\\YEAR 3\\PROJECT DATABASE\\SPRINT 2 0872\\WEBDEV\\DB-Library_Petch_Part\\vendor\\laravel\\framework\\src\\Illuminate\\Pipeline\\Pipeline.php(163): Illuminate\\Foundation\\Http\\Middleware\\TransformsRequest->handle(Object(Illuminate\\Http\\Request), Object(Closure))
#38 E:\\EDUCATION\\YEAR 3\\PROJECT DATABASE\\SPRINT 2 0872\\WEBDEV\\DB-Library_Petch_Part\\vendor\\laravel\\framework\\src\\Illuminate\\Routing\\Pipeline.php(53): Illuminate\\Pipeline\\Pipeline->Illuminate\\Pipeline\\{closure}(Object(Illuminate\\Http\\Request))
#39 E:\\EDUCATION\\YEAR 3\\PROJECT DATABASE\\SPRINT 2 0872\\WEBDEV\\DB-Library_Petch_Part\\vendor\\laravel\\framework\\src\\Illuminate\\Foundation\\Http\\Middleware\\ValidatePostSize.php(27): Illuminate\\Routing\\Pipeline->Illuminate\\Routing\\{closure}(Object(Illuminate\\Http\\Request))
#40 E:\\EDUCATION\\YEAR 3\\PROJECT DATABASE\\SPRINT 2 0872\\WEBDEV\\DB-Library_Petch_Part\\vendor\\laravel\\framework\\src\\Illuminate\\Pipeline\\Pipeline.php(163): Illuminate\\Foundation\\Http\\Middleware\\ValidatePostSize->handle(Object(Illuminate\\Http\\Request), Object(Closure))
#41 E:\\EDUCATION\\YEAR 3\\PROJECT DATABASE\\SPRINT 2 0872\\WEBDEV\\DB-Library_Petch_Part\\vendor\\laravel\\framework\\src\\Illuminate\\Routing\\Pipeline.php(53): Illuminate\\Pipeline\\Pipeline->Illuminate\\Pipeline\\{closure}(Object(Illuminate\\Http\\Request))
#42 E:\\EDUCATION\\YEAR 3\\PROJECT DATABASE\\SPRINT 2 0872\\WEBDEV\\DB-Library_Petch_Part\\vendor\\laravel\\framework\\src\\Illuminate\\Foundation\\Http\\Middleware\\CheckForMaintenanceMode.php(62): Illuminate\\Routing\\Pipeline->Illuminate\\Routing\\{closure}(Object(Illuminate\\Http\\Request))
#43 E:\\EDUCATION\\YEAR 3\\PROJECT DATABASE\\SPRINT 2 0872\\WEBDEV\\DB-Library_Petch_Part\\vendor\\laravel\\framework\\src\\Illuminate\\Pipeline\\Pipeline.php(163): Illuminate\\Foundation\\Http\\Middleware\\CheckForMaintenanceMode->handle(Object(Illuminate\\Http\\Request), Object(Closure))
#44 E:\\EDUCATION\\YEAR 3\\PROJECT DATABASE\\SPRINT 2 0872\\WEBDEV\\DB-Library_Petch_Part\\vendor\\laravel\\framework\\src\\Illuminate\\Routing\\Pipeline.php(53): Illuminate\\Pipeline\\Pipeline->Illuminate\\Pipeline\\{closure}(Object(Illuminate\\Http\\Request))
#45 E:\\EDUCATION\\YEAR 3\\PROJECT DATABASE\\SPRINT 2 0872\\WEBDEV\\DB-Library_Petch_Part\\vendor\\fideloper\\proxy\\src\\TrustProxies.php(57): Illuminate\\Routing\\Pipeline->Illuminate\\Routing\\{closure}(Object(Illuminate\\Http\\Request))
#46 E:\\EDUCATION\\YEAR 3\\PROJECT DATABASE\\SPRINT 2 0872\\WEBDEV\\DB-Library_Petch_Part\\vendor\\laravel\\framework\\src\\Illuminate\\Pipeline\\Pipeline.php(163): Fideloper\\Proxy\\TrustProxies->handle(Object(Illuminate\\Http\\Request), Object(Closure))
#47 E:\\EDUCATION\\YEAR 3\\PROJECT DATABASE\\SPRINT 2 0872\\WEBDEV\\DB-Library_Petch_Part\\vendor\\laravel\\framework\\src\\Illuminate\\Routing\\Pipeline.php(53): Illuminate\\Pipeline\\Pipeline->Illuminate\\Pipeline\\{closure}(Object(Illuminate\\Http\\Request))
#48 E:\\EDUCATION\\YEAR 3\\PROJECT DATABASE\\SPRINT 2 0872\\WEBDEV\\DB-Library_Petch_Part\\vendor\\laravel\\framework\\src\\Illuminate\\Pipeline\\Pipeline.php(104): Illuminate\\Routing\\Pipeline->Illuminate\\Routing\\{closure}(Object(Illuminate\\Http\\Request))
#49 E:\\EDUCATION\\YEAR 3\\PROJECT DATABASE\\SPRINT 2 0872\\WEBDEV\\DB-Library_Petch_Part\\vendor\\laravel\\framework\\src\\Illuminate\\Foundation\\Http\\Kernel.php(151): Illuminate\\Pipeline\\Pipeline->then(Object(Closure))
#50 E:\\EDUCATION\\YEAR 3\\PROJECT DATABASE\\SPRINT 2 0872\\WEBDEV\\DB-Library_Petch_Part\\vendor\\laravel\\framework\\src\\Illuminate\\Foundation\\Http\\Kernel.php(116): Illuminate\\Foundation\\Http\\Kernel->sendRequestThroughRouter(Object(Illuminate\\Http\\Request))
#51 E:\\EDUCATION\\YEAR 3\\PROJECT DATABASE\\SPRINT 2 0872\\WEBDEV\\DB-Library_Petch_Part\\public\\index.php(55): Illuminate\\Foundation\\Http\\Kernel->handle(Object(Illuminate\\Http\\Request))
#52 E:\\EDUCATION\\YEAR 3\\PROJECT DATABASE\\SPRINT 2 0872\\WEBDEV\\DB-Library_Petch_Part\\server.php(21): require_once('E:\\\\EDUCATION\\\\YE...')
#53 {main}
"} 
[2019-10-19 09:58:55] local.ERROR: View [create.category] not found. {"exception":"[object] (InvalidArgumentException(code: 0): View [create.category] not found. at E:\\EDUCATION\\YEAR 3\\PROJECT DATABASE\\SPRINT 2 0872\\WEBDEV\\DB-Library_Petch_Part\\vendor\\laravel\\framework\\src\\Illuminate\\View\\FileViewFinder.php:137)
[stacktrace]
#0 E:\\EDUCATION\\YEAR 3\\PROJECT DATABASE\\SPRINT 2 0872\\WEBDEV\\DB-Library_Petch_Part\\vendor\\laravel\\framework\\src\\Illuminate\\View\\FileViewFinder.php(79): Illuminate\\View\\FileViewFinder->findInPaths('create.category', Array)
#1 E:\\EDUCATION\\YEAR 3\\PROJECT DATABASE\\SPRINT 2 0872\\WEBDEV\\DB-Library_Petch_Part\\vendor\\laravel\\framework\\src\\Illuminate\\View\\Factory.php(131): Illuminate\\View\\FileViewFinder->find('create.category')
#2 E:\\EDUCATION\\YEAR 3\\PROJECT DATABASE\\SPRINT 2 0872\\WEBDEV\\DB-Library_Petch_Part\\vendor\\laravel\\framework\\src\\Illuminate\\Foundation\\helpers.php(971): Illuminate\\View\\Factory->make('create.category', Array, Array)
#3 E:\\EDUCATION\\YEAR 3\\PROJECT DATABASE\\SPRINT 2 0872\\WEBDEV\\DB-Library_Petch_Part\outes\\web.php(23): view('create.category')
#4 E:\\EDUCATION\\YEAR 3\\PROJECT DATABASE\\SPRINT 2 0872\\WEBDEV\\DB-Library_Petch_Part\\vendor\\laravel\\framework\\src\\Illuminate\\Routing\\Route.php(205): Illuminate\\Routing\\RouteFileRegistrar->{closure}()
#5 E:\\EDUCATION\\YEAR 3\\PROJECT DATABASE\\SPRINT 2 0872\\WEBDEV\\DB-Library_Petch_Part\\vendor\\laravel\\framework\\src\\Illuminate\\Routing\\Route.php(179): Illuminate\\Routing\\Route->runCallable()
#6 E:\\EDUCATION\\YEAR 3\\PROJECT DATABASE\\SPRINT 2 0872\\WEBDEV\\DB-Library_Petch_Part\\vendor\\laravel\\framework\\src\\Illuminate\\Routing\\Router.php(680): Illuminate\\Routing\\Route->run()
#7 E:\\EDUCATION\\YEAR 3\\PROJECT DATABASE\\SPRINT 2 0872\\WEBDEV\\DB-Library_Petch_Part\\vendor\\laravel\\framework\\src\\Illuminate\\Routing\\Pipeline.php(30): Illuminate\\Routing\\Router->Illuminate\\Routing\\{closure}(Object(Illuminate\\Http\\Request))
#8 E:\\EDUCATION\\YEAR 3\\PROJECT DATABASE\\SPRINT 2 0872\\WEBDEV\\DB-Library_Petch_Part\\vendor\\laravel\\framework\\src\\Illuminate\\Routing\\Middleware\\SubstituteBindings.php(41): Illuminate\\Routing\\Pipeline->Illuminate\\Routing\\{closure}(Object(Illuminate\\Http\\Request))
#9 E:\\EDUCATION\\YEAR 3\\PROJECT DATABASE\\SPRINT 2 0872\\WEBDEV\\DB-Library_Petch_Part\\vendor\\laravel\\framework\\src\\Illuminate\\Pipeline\\Pipeline.php(163): Illuminate\\Routing\\Middleware\\SubstituteBindings->handle(Object(Illuminate\\Http\\Request), Object(Closure))
#10 E:\\EDUCATION\\YEAR 3\\PROJECT DATABASE\\SPRINT 2 0872\\WEBDEV\\DB-Library_Petch_Part\\vendor\\laravel\\framework\\src\\Illuminate\\Routing\\Pipeline.php(53): Illuminate\\Pipeline\\Pipeline->Illuminate\\Pipeline\\{closure}(Object(Illuminate\\Http\\Request))
#11 E:\\EDUCATION\\YEAR 3\\PROJECT DATABASE\\SPRINT 2 0872\\WEBDEV\\DB-Library_Petch_Part\\vendor\\laravel\\framework\\src\\Illuminate\\Foundation\\Http\\Middleware\\VerifyCsrfToken.php(75): Illuminate\\Routing\\Pipeline->Illuminate\\Routing\\{closure}(Object(Illuminate\\Http\\Request))
#12 E:\\EDUCATION\\YEAR 3\\PROJECT DATABASE\\SPRINT 2 0872\\WEBDEV\\DB-Library_Petch_Part\\vendor\\laravel\\framework\\src\\Illuminate\\Pipeline\\Pipeline.php(163): Illuminate\\Foundation\\Http\\Middleware\\VerifyCsrfToken->handle(Object(Illuminate\\Http\\Request), Object(Closure))
#13 E:\\EDUCATION\\YEAR 3\\PROJECT DATABASE\\SPRINT 2 0872\\WEBDEV\\DB-Library_Petch_Part\\vendor\\laravel\\framework\\src\\Illuminate\\Routing\\Pipeline.php(53): Illuminate\\Pipeline\\Pipeline->Illuminate\\Pipeline\\{closure}(Object(Illuminate\\Http\\Request))
#14 E:\\EDUCATION\\YEAR 3\\PROJECT DATABASE\\SPRINT 2 0872\\WEBDEV\\DB-Library_Petch_Part\\vendor\\laravel\\framework\\src\\Illuminate\\View\\Middleware\\ShareErrorsFromSession.php(49): Illuminate\\Routing\\Pipeline->Illuminate\\Routing\\{closure}(Object(Illuminate\\Http\\Request))
#15 E:\\EDUCATION\\YEAR 3\\PROJECT DATABASE\\SPRINT 2 0872\\WEBDEV\\DB-Library_Petch_Part\\vendor\\laravel\\framework\\src\\Illuminate\\Pipeline\\Pipeline.php(163): Illuminate\\View\\Middleware\\ShareErrorsFromSession->handle(Object(Illuminate\\Http\\Request), Object(Closure))
#16 E:\\EDUCATION\\YEAR 3\\PROJECT DATABASE\\SPRINT 2 0872\\WEBDEV\\DB-Library_Petch_Part\\vendor\\laravel\\framework\\src\\Illuminate\\Routing\\Pipeline.php(53): Illuminate\\Pipeline\\Pipeline->Illuminate\\Pipeline\\{closure}(Object(Illuminate\\Http\\Request))
#17 E:\\EDUCATION\\YEAR 3\\PROJECT DATABASE\\SPRINT 2 0872\\WEBDEV\\DB-Library_Petch_Part\\vendor\\laravel\\framework\\src\\Illuminate\\Session\\Middleware\\StartSession.php(56): Illuminate\\Routing\\Pipeline->Illuminate\\Routing\\{closure}(Object(Illuminate\\Http\\Request))
#18 E:\\EDUCATION\\YEAR 3\\PROJECT DATABASE\\SPRINT 2 0872\\WEBDEV\\DB-Library_Petch_Part\\vendor\\laravel\\framework\\src\\Illuminate\\Pipeline\\Pipeline.php(163): Illuminate\\Session\\Middleware\\StartSession->handle(Object(Illuminate\\Http\\Request), Object(Closure))
#19 E:\\EDUCATION\\YEAR 3\\PROJECT DATABASE\\SPRINT 2 0872\\WEBDEV\\DB-Library_Petch_Part\\vendor\\laravel\\framework\\src\\Illuminate\\Routing\\Pipeline.php(53): Illuminate\\Pipeline\\Pipeline->Illuminate\\Pipeline\\{closure}(Object(Illuminate\\Http\\Request))
#20 E:\\EDUCATION\\YEAR 3\\PROJECT DATABASE\\SPRINT 2 0872\\WEBDEV\\DB-Library_Petch_Part\\vendor\\laravel\\framework\\src\\Illuminate\\Cookie\\Middleware\\AddQueuedCookiesToResponse.php(37): Illuminate\\Routing\\Pipeline->Illuminate\\Routing\\{closure}(Object(Illuminate\\Http\\Request))
#21 E:\\EDUCATION\\YEAR 3\\PROJECT DATABASE\\SPRINT 2 0872\\WEBDEV\\DB-Library_Petch_Part\\vendor\\laravel\\framework\\src\\Illuminate\\Pipeline\\Pipeline.php(163): Illuminate\\Cookie\\Middleware\\AddQueuedCookiesToResponse->handle(Object(Illuminate\\Http\\Request), Object(Closure))
#22 E:\\EDUCATION\\YEAR 3\\PROJECT DATABASE\\SPRINT 2 0872\\WEBDEV\\DB-Library_Petch_Part\\vendor\\laravel\\framework\\src\\Illuminate\\Routing\\Pipeline.php(53): Illuminate\\Pipeline\\Pipeline->Illuminate\\Pipeline\\{closure}(Object(Illuminate\\Http\\Request))
#23 E:\\EDUCATION\\YEAR 3\\PROJECT DATABASE\\SPRINT 2 0872\\WEBDEV\\DB-Library_Petch_Part\\vendor\\laravel\\framework\\src\\Illuminate\\Cookie\\Middleware\\EncryptCookies.php(66): Illuminate\\Routing\\Pipeline->Illuminate\\Routing\\{closure}(Object(Illuminate\\Http\\Request))
#24 E:\\EDUCATION\\YEAR 3\\PROJECT DATABASE\\SPRINT 2 0872\\WEBDEV\\DB-Library_Petch_Part\\vendor\\laravel\\framework\\src\\Illuminate\\Pipeline\\Pipeline.php(163): Illuminate\\Cookie\\Middleware\\EncryptCookies->handle(Object(Illuminate\\Http\\Request), Object(Closure))
#25 E:\\EDUCATION\\YEAR 3\\PROJECT DATABASE\\SPRINT 2 0872\\WEBDEV\\DB-Library_Petch_Part\\vendor\\laravel\\framework\\src\\Illuminate\\Routing\\Pipeline.php(53): Illuminate\\Pipeline\\Pipeline->Illuminate\\Pipeline\\{closure}(Object(Illuminate\\Http\\Request))
#26 E:\\EDUCATION\\YEAR 3\\PROJECT DATABASE\\SPRINT 2 0872\\WEBDEV\\DB-Library_Petch_Part\\vendor\\laravel\\framework\\src\\Illuminate\\Pipeline\\Pipeline.php(104): Illuminate\\Routing\\Pipeline->Illuminate\\Routing\\{closure}(Object(Illuminate\\Http\\Request))
#27 E:\\EDUCATION\\YEAR 3\\PROJECT DATABASE\\SPRINT 2 0872\\WEBDEV\\DB-Library_Petch_Part\\vendor\\laravel\\framework\\src\\Illuminate\\Routing\\Router.php(682): Illuminate\\Pipeline\\Pipeline->then(Object(Closure))
#28 E:\\EDUCATION\\YEAR 3\\PROJECT DATABASE\\SPRINT 2 0872\\WEBDEV\\DB-Library_Petch_Part\\vendor\\laravel\\framework\\src\\Illuminate\\Routing\\Router.php(657): Illuminate\\Routing\\Router->runRouteWithinStack(Object(Illuminate\\Routing\\Route), Object(Illuminate\\Http\\Request))
#29 E:\\EDUCATION\\YEAR 3\\PROJECT DATABASE\\SPRINT 2 0872\\WEBDEV\\DB-Library_Petch_Part\\vendor\\laravel\\framework\\src\\Illuminate\\Routing\\Router.php(623): Illuminate\\Routing\\Router->runRoute(Object(Illuminate\\Http\\Request), Object(Illuminate\\Routing\\Route))
#30 E:\\EDUCATION\\YEAR 3\\PROJECT DATABASE\\SPRINT 2 0872\\WEBDEV\\DB-Library_Petch_Part\\vendor\\laravel\\framework\\src\\Illuminate\\Routing\\Router.php(612): Illuminate\\Routing\\Router->dispatchToRoute(Object(Illuminate\\Http\\Request))
#31 E:\\EDUCATION\\YEAR 3\\PROJECT DATABASE\\SPRINT 2 0872\\WEBDEV\\DB-Library_Petch_Part\\vendor\\laravel\\framework\\src\\Illuminate\\Foundation\\Http\\Kernel.php(176): Illuminate\\Routing\\Router->dispatch(Object(Illuminate\\Http\\Request))
#32 E:\\EDUCATION\\YEAR 3\\PROJECT DATABASE\\SPRINT 2 0872\\WEBDEV\\DB-Library_Petch_Part\\vendor\\laravel\\framework\\src\\Illuminate\\Routing\\Pipeline.php(30): Illuminate\\Foundation\\Http\\Kernel->Illuminate\\Foundation\\Http\\{closure}(Object(Illuminate\\Http\\Request))
#33 E:\\EDUCATION\\YEAR 3\\PROJECT DATABASE\\SPRINT 2 0872\\WEBDEV\\DB-Library_Petch_Part\\vendor\\laravel\\framework\\src\\Illuminate\\Foundation\\Http\\Middleware\\TransformsRequest.php(21): Illuminate\\Routing\\Pipeline->Illuminate\\Routing\\{closure}(Object(Illuminate\\Http\\Request))
#34 E:\\EDUCATION\\YEAR 3\\PROJECT DATABASE\\SPRINT 2 0872\\WEBDEV\\DB-Library_Petch_Part\\vendor\\laravel\\framework\\src\\Illuminate\\Pipeline\\Pipeline.php(163): Illuminate\\Foundation\\Http\\Middleware\\TransformsRequest->handle(Object(Illuminate\\Http\\Request), Object(Closure))
#35 E:\\EDUCATION\\YEAR 3\\PROJECT DATABASE\\SPRINT 2 0872\\WEBDEV\\DB-Library_Petch_Part\\vendor\\laravel\\framework\\src\\Illuminate\\Routing\\Pipeline.php(53): Illuminate\\Pipeline\\Pipeline->Illuminate\\Pipeline\\{closure}(Object(Illuminate\\Http\\Request))
#36 E:\\EDUCATION\\YEAR 3\\PROJECT DATABASE\\SPRINT 2 0872\\WEBDEV\\DB-Library_Petch_Part\\vendor\\laravel\\framework\\src\\Illuminate\\Foundation\\Http\\Middleware\\TransformsRequest.php(21): Illuminate\\Routing\\Pipeline->Illuminate\\Routing\\{closure}(Object(Illuminate\\Http\\Request))
#37 E:\\EDUCATION\\YEAR 3\\PROJECT DATABASE\\SPRINT 2 0872\\WEBDEV\\DB-Library_Petch_Part\\vendor\\laravel\\framework\\src\\Illuminate\\Pipeline\\Pipeline.php(163): Illuminate\\Foundation\\Http\\Middleware\\TransformsRequest->handle(Object(Illuminate\\Http\\Request), Object(Closure))
#38 E:\\EDUCATION\\YEAR 3\\PROJECT DATABASE\\SPRINT 2 0872\\WEBDEV\\DB-Library_Petch_Part\\vendor\\laravel\\framework\\src\\Illuminate\\Routing\\Pipeline.php(53): Illuminate\\Pipeline\\Pipeline->Illuminate\\Pipeline\\{closure}(Object(Illuminate\\Http\\Request))
#39 E:\\EDUCATION\\YEAR 3\\PROJECT DATABASE\\SPRINT 2 0872\\WEBDEV\\DB-Library_Petch_Part\\vendor\\laravel\\framework\\src\\Illuminate\\Foundation\\Http\\Middleware\\ValidatePostSize.php(27): Illuminate\\Routing\\Pipeline->Illuminate\\Routing\\{closure}(Object(Illuminate\\Http\\Request))
#40 E:\\EDUCATION\\YEAR 3\\PROJECT DATABASE\\SPRINT 2 0872\\WEBDEV\\DB-Library_Petch_Part\\vendor\\laravel\\framework\\src\\Illuminate\\Pipeline\\Pipeline.php(163): Illuminate\\Foundation\\Http\\Middleware\\ValidatePostSize->handle(Object(Illuminate\\Http\\Request), Object(Closure))
#41 E:\\EDUCATION\\YEAR 3\\PROJECT DATABASE\\SPRINT 2 0872\\WEBDEV\\DB-Library_Petch_Part\\vendor\\laravel\\framework\\src\\Illuminate\\Routing\\Pipeline.php(53): Illuminate\\Pipeline\\Pipeline->Illuminate\\Pipeline\\{closure}(Object(Illuminate\\Http\\Request))
#42 E:\\EDUCATION\\YEAR 3\\PROJECT DATABASE\\SPRINT 2 0872\\WEBDEV\\DB-Library_Petch_Part\\vendor\\laravel\\framework\\src\\Illuminate\\Foundation\\Http\\Middleware\\CheckForMaintenanceMode.php(62): Illuminate\\Routing\\Pipeline->Illuminate\\Routing\\{closure}(Object(Illuminate\\Http\\Request))
#43 E:\\EDUCATION\\YEAR 3\\PROJECT DATABASE\\SPRINT 2 0872\\WEBDEV\\DB-Library_Petch_Part\\vendor\\laravel\\framework\\src\\Illuminate\\Pipeline\\Pipeline.php(163): Illuminate\\Foundation\\Http\\Middleware\\CheckForMaintenanceMode->handle(Object(Illuminate\\Http\\Request), Object(Closure))
#44 E:\\EDUCATION\\YEAR 3\\PROJECT DATABASE\\SPRINT 2 0872\\WEBDEV\\DB-Library_Petch_Part\\vendor\\laravel\\framework\\src\\Illuminate\\Routing\\Pipeline.php(53): Illuminate\\Pipeline\\Pipeline->Illuminate\\Pipeline\\{closure}(Object(Illuminate\\Http\\Request))
#45 E:\\EDUCATION\\YEAR 3\\PROJECT DATABASE\\SPRINT 2 0872\\WEBDEV\\DB-Library_Petch_Part\\vendor\\fideloper\\proxy\\src\\TrustProxies.php(57): Illuminate\\Routing\\Pipeline->Illuminate\\Routing\\{closure}(Object(Illuminate\\Http\\Request))
#46 E:\\EDUCATION\\YEAR 3\\PROJECT DATABASE\\SPRINT 2 0872\\WEBDEV\\DB-Library_Petch_Part\\vendor\\laravel\\framework\\src\\Illuminate\\Pipeline\\Pipeline.php(163): Fideloper\\Proxy\\TrustProxies->handle(Object(Illuminate\\Http\\Request), Object(Closure))
#47 E:\\EDUCATION\\YEAR 3\\PROJECT DATABASE\\SPRINT 2 0872\\WEBDEV\\DB-Library_Petch_Part\\vendor\\laravel\\framework\\src\\Illuminate\\Routing\\Pipeline.php(53): Illuminate\\Pipeline\\Pipeline->Illuminate\\Pipeline\\{closure}(Object(Illuminate\\Http\\Request))
#48 E:\\EDUCATION\\YEAR 3\\PROJECT DATABASE\\SPRINT 2 0872\\WEBDEV\\DB-Library_Petch_Part\\vendor\\laravel\\framework\\src\\Illuminate\\Pipeline\\Pipeline.php(104): Illuminate\\Routing\\Pipeline->Illuminate\\Routing\\{closure}(Object(Illuminate\\Http\\Request))
#49 E:\\EDUCATION\\YEAR 3\\PROJECT DATABASE\\SPRINT 2 0872\\WEBDEV\\DB-Library_Petch_Part\\vendor\\laravel\\framework\\src\\Illuminate\\Foundation\\Http\\Kernel.php(151): Illuminate\\Pipeline\\Pipeline->then(Object(Closure))
#50 E:\\EDUCATION\\YEAR 3\\PROJECT DATABASE\\SPRINT 2 0872\\WEBDEV\\DB-Library_Petch_Part\\vendor\\laravel\\framework\\src\\Illuminate\\Foundation\\Http\\Kernel.php(116): Illuminate\\Foundation\\Http\\Kernel->sendRequestThroughRouter(Object(Illuminate\\Http\\Request))
#51 E:\\EDUCATION\\YEAR 3\\PROJECT DATABASE\\SPRINT 2 0872\\WEBDEV\\DB-Library_Petch_Part\\public\\index.php(55): Illuminate\\Foundation\\Http\\Kernel->handle(Object(Illuminate\\Http\\Request))
#52 E:\\EDUCATION\\YEAR 3\\PROJECT DATABASE\\SPRINT 2 0872\\WEBDEV\\DB-Library_Petch_Part\\server.php(21): require_once('E:\\\\EDUCATION\\\\YE...')
#53 {main}
"} 
[2019-10-19 09:59:58] local.ERROR: Route [login] not defined. {"exception":"[object] (InvalidArgumentException(code: 0): Route [login] not defined. at E:\\EDUCATION\\YEAR 3\\PROJECT DATABASE\\SPRINT 2 0872\\WEBDEV\\DB-Library_Petch_Part\\vendor\\laravel\\framework\\src\\Illuminate\\Routing\\UrlGenerator.php:388)
[stacktrace]
#0 E:\\EDUCATION\\YEAR 3\\PROJECT DATABASE\\SPRINT 2 0872\\WEBDEV\\DB-Library_Petch_Part\\vendor\\laravel\\framework\\src\\Illuminate\\Foundation\\helpers.php(782): Illuminate\\Routing\\UrlGenerator->route('login', Array, true)
#1 E:\\EDUCATION\\YEAR 3\\PROJECT DATABASE\\SPRINT 2 0872\\WEBDEV\\DB-Library_Petch_Part\\app\\Http\\Middleware\\Authenticate.php(18): route('login')
#2 E:\\EDUCATION\\YEAR 3\\PROJECT DATABASE\\SPRINT 2 0872\\WEBDEV\\DB-Library_Petch_Part\\vendor\\laravel\\framework\\src\\Illuminate\\Auth\\Middleware\\Authenticate.php(68): App\\Http\\Middleware\\Authenticate->redirectTo(Object(Illuminate\\Http\\Request))
#3 E:\\EDUCATION\\YEAR 3\\PROJECT DATABASE\\SPRINT 2 0872\\WEBDEV\\DB-Library_Petch_Part\\vendor\\laravel\\framework\\src\\Illuminate\\Auth\\Middleware\\Authenticate.php(41): Illuminate\\Auth\\Middleware\\Authenticate->authenticate(Object(Illuminate\\Http\\Request), Array)
#4 E:\\EDUCATION\\YEAR 3\\PROJECT DATABASE\\SPRINT 2 0872\\WEBDEV\\DB-Library_Petch_Part\\vendor\\laravel\\framework\\src\\Illuminate\\Pipeline\\Pipeline.php(163): Illuminate\\Auth\\Middleware\\Authenticate->handle(Object(Illuminate\\Http\\Request), Object(Closure))
#5 E:\\EDUCATION\\YEAR 3\\PROJECT DATABASE\\SPRINT 2 0872\\WEBDEV\\DB-Library_Petch_Part\\vendor\\laravel\\framework\\src\\Illuminate\\Routing\\Pipeline.php(53): Illuminate\\Pipeline\\Pipeline->Illuminate\\Pipeline\\{closure}(Object(Illuminate\\Http\\Request))
#6 E:\\EDUCATION\\YEAR 3\\PROJECT DATABASE\\SPRINT 2 0872\\WEBDEV\\DB-Library_Petch_Part\\vendor\\laravel\\framework\\src\\Illuminate\\Foundation\\Http\\Middleware\\VerifyCsrfToken.php(75): Illuminate\\Routing\\Pipeline->Illuminate\\Routing\\{closure}(Object(Illuminate\\Http\\Request))
#7 E:\\EDUCATION\\YEAR 3\\PROJECT DATABASE\\SPRINT 2 0872\\WEBDEV\\DB-Library_Petch_Part\\vendor\\laravel\\framework\\src\\Illuminate\\Pipeline\\Pipeline.php(163): Illuminate\\Foundation\\Http\\Middleware\\VerifyCsrfToken->handle(Object(Illuminate\\Http\\Request), Object(Closure))
#8 E:\\EDUCATION\\YEAR 3\\PROJECT DATABASE\\SPRINT 2 0872\\WEBDEV\\DB-Library_Petch_Part\\vendor\\laravel\\framework\\src\\Illuminate\\Routing\\Pipeline.php(53): Illuminate\\Pipeline\\Pipeline->Illuminate\\Pipeline\\{closure}(Object(Illuminate\\Http\\Request))
#9 E:\\EDUCATION\\YEAR 3\\PROJECT DATABASE\\SPRINT 2 0872\\WEBDEV\\DB-Library_Petch_Part\\vendor\\laravel\\framework\\src\\Illuminate\\View\\Middleware\\ShareErrorsFromSession.php(49): Illuminate\\Routing\\Pipeline->Illuminate\\Routing\\{closure}(Object(Illuminate\\Http\\Request))
#10 E:\\EDUCATION\\YEAR 3\\PROJECT DATABASE\\SPRINT 2 0872\\WEBDEV\\DB-Library_Petch_Part\\vendor\\laravel\\framework\\src\\Illuminate\\Pipeline\\Pipeline.php(163): Illuminate\\View\\Middleware\\ShareErrorsFromSession->handle(Object(Illuminate\\Http\\Request), Object(Closure))
#11 E:\\EDUCATION\\YEAR 3\\PROJECT DATABASE\\SPRINT 2 0872\\WEBDEV\\DB-Library_Petch_Part\\vendor\\laravel\\framework\\src\\Illuminate\\Routing\\Pipeline.php(53): Illuminate\\Pipeline\\Pipeline->Illuminate\\Pipeline\\{closure}(Object(Illuminate\\Http\\Request))
#12 E:\\EDUCATION\\YEAR 3\\PROJECT DATABASE\\SPRINT 2 0872\\WEBDEV\\DB-Library_Petch_Part\\vendor\\laravel\\framework\\src\\Illuminate\\Session\\Middleware\\StartSession.php(56): Illuminate\\Routing\\Pipeline->Illuminate\\Routing\\{closure}(Object(Illuminate\\Http\\Request))
#13 E:\\EDUCATION\\YEAR 3\\PROJECT DATABASE\\SPRINT 2 0872\\WEBDEV\\DB-Library_Petch_Part\\vendor\\laravel\\framework\\src\\Illuminate\\Pipeline\\Pipeline.php(163): Illuminate\\Session\\Middleware\\StartSession->handle(Object(Illuminate\\Http\\Request), Object(Closure))
#14 E:\\EDUCATION\\YEAR 3\\PROJECT DATABASE\\SPRINT 2 0872\\WEBDEV\\DB-Library_Petch_Part\\vendor\\laravel\\framework\\src\\Illuminate\\Routing\\Pipeline.php(53): Illuminate\\Pipeline\\Pipeline->Illuminate\\Pipeline\\{closure}(Object(Illuminate\\Http\\Request))
#15 E:\\EDUCATION\\YEAR 3\\PROJECT DATABASE\\SPRINT 2 0872\\WEBDEV\\DB-Library_Petch_Part\\vendor\\laravel\\framework\\src\\Illuminate\\Cookie\\Middleware\\AddQueuedCookiesToResponse.php(37): Illuminate\\Routing\\Pipeline->Illuminate\\Routing\\{closure}(Object(Illuminate\\Http\\Request))
#16 E:\\EDUCATION\\YEAR 3\\PROJECT DATABASE\\SPRINT 2 0872\\WEBDEV\\DB-Library_Petch_Part\\vendor\\laravel\\framework\\src\\Illuminate\\Pipeline\\Pipeline.php(163): Illuminate\\Cookie\\Middleware\\AddQueuedCookiesToResponse->handle(Object(Illuminate\\Http\\Request), Object(Closure))
#17 E:\\EDUCATION\\YEAR 3\\PROJECT DATABASE\\SPRINT 2 0872\\WEBDEV\\DB-Library_Petch_Part\\vendor\\laravel\\framework\\src\\Illuminate\\Routing\\Pipeline.php(53): Illuminate\\Pipeline\\Pipeline->Illuminate\\Pipeline\\{closure}(Object(Illuminate\\Http\\Request))
#18 E:\\EDUCATION\\YEAR 3\\PROJECT DATABASE\\SPRINT 2 0872\\WEBDEV\\DB-Library_Petch_Part\\vendor\\laravel\\framework\\src\\Illuminate\\Cookie\\Middleware\\EncryptCookies.php(66): Illuminate\\Routing\\Pipeline->Illuminate\\Routing\\{closure}(Object(Illuminate\\Http\\Request))
#19 E:\\EDUCATION\\YEAR 3\\PROJECT DATABASE\\SPRINT 2 0872\\WEBDEV\\DB-Library_Petch_Part\\vendor\\laravel\\framework\\src\\Illuminate\\Pipeline\\Pipeline.php(163): Illuminate\\Cookie\\Middleware\\EncryptCookies->handle(Object(Illuminate\\Http\\Request), Object(Closure))
#20 E:\\EDUCATION\\YEAR 3\\PROJECT DATABASE\\SPRINT 2 0872\\WEBDEV\\DB-Library_Petch_Part\\vendor\\laravel\\framework\\src\\Illuminate\\Routing\\Pipeline.php(53): Illuminate\\Pipeline\\Pipeline->Illuminate\\Pipeline\\{closure}(Object(Illuminate\\Http\\Request))
#21 E:\\EDUCATION\\YEAR 3\\PROJECT DATABASE\\SPRINT 2 0872\\WEBDEV\\DB-Library_Petch_Part\\vendor\\laravel\\framework\\src\\Illuminate\\Pipeline\\Pipeline.php(104): Illuminate\\Routing\\Pipeline->Illuminate\\Routing\\{closure}(Object(Illuminate\\Http\\Request))
#22 E:\\EDUCATION\\YEAR 3\\PROJECT DATABASE\\SPRINT 2 0872\\WEBDEV\\DB-Library_Petch_Part\\vendor\\laravel\\framework\\src\\Illuminate\\Routing\\Router.php(682): Illuminate\\Pipeline\\Pipeline->then(Object(Closure))
#23 E:\\EDUCATION\\YEAR 3\\PROJECT DATABASE\\SPRINT 2 0872\\WEBDEV\\DB-Library_Petch_Part\\vendor\\laravel\\framework\\src\\Illuminate\\Routing\\Router.php(657): Illuminate\\Routing\\Router->runRouteWithinStack(Object(Illuminate\\Routing\\Route), Object(Illuminate\\Http\\Request))
#24 E:\\EDUCATION\\YEAR 3\\PROJECT DATABASE\\SPRINT 2 0872\\WEBDEV\\DB-Library_Petch_Part\\vendor\\laravel\\framework\\src\\Illuminate\\Routing\\Router.php(623): Illuminate\\Routing\\Router->runRoute(Object(Illuminate\\Http\\Request), Object(Illuminate\\Routing\\Route))
#25 E:\\EDUCATION\\YEAR 3\\PROJECT DATABASE\\SPRINT 2 0872\\WEBDEV\\DB-Library_Petch_Part\\vendor\\laravel\\framework\\src\\Illuminate\\Routing\\Router.php(612): Illuminate\\Routing\\Router->dispatchToRoute(Object(Illuminate\\Http\\Request))
#26 E:\\EDUCATION\\YEAR 3\\PROJECT DATABASE\\SPRINT 2 0872\\WEBDEV\\DB-Library_Petch_Part\\vendor\\laravel\\framework\\src\\Illuminate\\Foundation\\Http\\Kernel.php(176): Illuminate\\Routing\\Router->dispatch(Object(Illuminate\\Http\\Request))
#27 E:\\EDUCATION\\YEAR 3\\PROJECT DATABASE\\SPRINT 2 0872\\WEBDEV\\DB-Library_Petch_Part\\vendor\\laravel\\framework\\src\\Illuminate\\Routing\\Pipeline.php(30): Illuminate\\Foundation\\Http\\Kernel->Illuminate\\Foundation\\Http\\{closure}(Object(Illuminate\\Http\\Request))
#28 E:\\EDUCATION\\YEAR 3\\PROJECT DATABASE\\SPRINT 2 0872\\WEBDEV\\DB-Library_Petch_Part\\vendor\\laravel\\framework\\src\\Illuminate\\Foundation\\Http\\Middleware\\TransformsRequest.php(21): Illuminate\\Routing\\Pipeline->Illuminate\\Routing\\{closure}(Object(Illuminate\\Http\\Request))
#29 E:\\EDUCATION\\YEAR 3\\PROJECT DATABASE\\SPRINT 2 0872\\WEBDEV\\DB-Library_Petch_Part\\vendor\\laravel\\framework\\src\\Illuminate\\Pipeline\\Pipeline.php(163): Illuminate\\Foundation\\Http\\Middleware\\TransformsRequest->handle(Object(Illuminate\\Http\\Request), Object(Closure))
#30 E:\\EDUCATION\\YEAR 3\\PROJECT DATABASE\\SPRINT 2 0872\\WEBDEV\\DB-Library_Petch_Part\\vendor\\laravel\\framework\\src\\Illuminate\\Routing\\Pipeline.php(53): Illuminate\\Pipeline\\Pipeline->Illuminate\\Pipeline\\{closure}(Object(Illuminate\\Http\\Request))
#31 E:\\EDUCATION\\YEAR 3\\PROJECT DATABASE\\SPRINT 2 0872\\WEBDEV\\DB-Library_Petch_Part\\vendor\\laravel\\framework\\src\\Illuminate\\Foundation\\Http\\Middleware\\TransformsRequest.php(21): Illuminate\\Routing\\Pipeline->Illuminate\\Routing\\{closure}(Object(Illuminate\\Http\\Request))
#32 E:\\EDUCATION\\YEAR 3\\PROJECT DATABASE\\SPRINT 2 0872\\WEBDEV\\DB-Library_Petch_Part\\vendor\\laravel\\framework\\src\\Illuminate\\Pipeline\\Pipeline.php(163): Illuminate\\Foundation\\Http\\Middleware\\TransformsRequest->handle(Object(Illuminate\\Http\\Request), Object(Closure))
#33 E:\\EDUCATION\\YEAR 3\\PROJECT DATABASE\\SPRINT 2 0872\\WEBDEV\\DB-Library_Petch_Part\\vendor\\laravel\\framework\\src\\Illuminate\\Routing\\Pipeline.php(53): Illuminate\\Pipeline\\Pipeline->Illuminate\\Pipeline\\{closure}(Object(Illuminate\\Http\\Request))
#34 E:\\EDUCATION\\YEAR 3\\PROJECT DATABASE\\SPRINT 2 0872\\WEBDEV\\DB-Library_Petch_Part\\vendor\\laravel\\framework\\src\\Illuminate\\Foundation\\Http\\Middleware\\ValidatePostSize.php(27): Illuminate\\Routing\\Pipeline->Illuminate\\Routing\\{closure}(Object(Illuminate\\Http\\Request))
#35 E:\\EDUCATION\\YEAR 3\\PROJECT DATABASE\\SPRINT 2 0872\\WEBDEV\\DB-Library_Petch_Part\\vendor\\laravel\\framework\\src\\Illuminate\\Pipeline\\Pipeline.php(163): Illuminate\\Foundation\\Http\\Middleware\\ValidatePostSize->handle(Object(Illuminate\\Http\\Request), Object(Closure))
#36 E:\\EDUCATION\\YEAR 3\\PROJECT DATABASE\\SPRINT 2 0872\\WEBDEV\\DB-Library_Petch_Part\\vendor\\laravel\\framework\\src\\Illuminate\\Routing\\Pipeline.php(53): Illuminate\\Pipeline\\Pipeline->Illuminate\\Pipeline\\{closure}(Object(Illuminate\\Http\\Request))
#37 E:\\EDUCATION\\YEAR 3\\PROJECT DATABASE\\SPRINT 2 0872\\WEBDEV\\DB-Library_Petch_Part\\vendor\\laravel\\framework\\src\\Illuminate\\Foundation\\Http\\Middleware\\CheckForMaintenanceMode.php(62): Illuminate\\Routing\\Pipeline->Illuminate\\Routing\\{closure}(Object(Illuminate\\Http\\Request))
#38 E:\\EDUCATION\\YEAR 3\\PROJECT DATABASE\\SPRINT 2 0872\\WEBDEV\\DB-Library_Petch_Part\\vendor\\laravel\\framework\\src\\Illuminate\\Pipeline\\Pipeline.php(163): Illuminate\\Foundation\\Http\\Middleware\\CheckForMaintenanceMode->handle(Object(Illuminate\\Http\\Request), Object(Closure))
#39 E:\\EDUCATION\\YEAR 3\\PROJECT DATABASE\\SPRINT 2 0872\\WEBDEV\\DB-Library_Petch_Part\\vendor\\laravel\\framework\\src\\Illuminate\\Routing\\Pipeline.php(53): Illuminate\\Pipeline\\Pipeline->Illuminate\\Pipeline\\{closure}(Object(Illuminate\\Http\\Request))
#40 E:\\EDUCATION\\YEAR 3\\PROJECT DATABASE\\SPRINT 2 0872\\WEBDEV\\DB-Library_Petch_Part\\vendor\\fideloper\\proxy\\src\\TrustProxies.php(57): Illuminate\\Routing\\Pipeline->Illuminate\\Routing\\{closure}(Object(Illuminate\\Http\\Request))
#41 E:\\EDUCATION\\YEAR 3\\PROJECT DATABASE\\SPRINT 2 0872\\WEBDEV\\DB-Library_Petch_Part\\vendor\\laravel\\framework\\src\\Illuminate\\Pipeline\\Pipeline.php(163): Fideloper\\Proxy\\TrustProxies->handle(Object(Illuminate\\Http\\Request), Object(Closure))
#42 E:\\EDUCATION\\YEAR 3\\PROJECT DATABASE\\SPRINT 2 0872\\WEBDEV\\DB-Library_Petch_Part\\vendor\\laravel\\framework\\src\\Illuminate\\Routing\\Pipeline.php(53): Illuminate\\Pipeline\\Pipeline->Illuminate\\Pipeline\\{closure}(Object(Illuminate\\Http\\Request))
#43 E:\\EDUCATION\\YEAR 3\\PROJECT DATABASE\\SPRINT 2 0872\\WEBDEV\\DB-Library_Petch_Part\\vendor\\laravel\\framework\\src\\Illuminate\\Pipeline\\Pipeline.php(104): Illuminate\\Routing\\Pipeline->Illuminate\\Routing\\{closure}(Object(Illuminate\\Http\\Request))
#44 E:\\EDUCATION\\YEAR 3\\PROJECT DATABASE\\SPRINT 2 0872\\WEBDEV\\DB-Library_Petch_Part\\vendor\\laravel\\framework\\src\\Illuminate\\Foundation\\Http\\Kernel.php(151): Illuminate\\Pipeline\\Pipeline->then(Object(Closure))
#45 E:\\EDUCATION\\YEAR 3\\PROJECT DATABASE\\SPRINT 2 0872\\WEBDEV\\DB-Library_Petch_Part\\vendor\\laravel\\framework\\src\\Illuminate\\Foundation\\Http\\Kernel.php(116): Illuminate\\Foundation\\Http\\Kernel->sendRequestThroughRouter(Object(Illuminate\\Http\\Request))
#46 E:\\EDUCATION\\YEAR 3\\PROJECT DATABASE\\SPRINT 2 0872\\WEBDEV\\DB-Library_Petch_Part\\public\\index.php(55): Illuminate\\Foundation\\Http\\Kernel->handle(Object(Illuminate\\Http\\Request))
#47 E:\\EDUCATION\\YEAR 3\\PROJECT DATABASE\\SPRINT 2 0872\\WEBDEV\\DB-Library_Petch_Part\\server.php(21): require_once('E:\\\\EDUCATION\\\\YE...')
#48 {main}
"} 
[2019-10-19 18:00:18] local.ERROR: Auth guard [admin] is not defined. {"exception":"[object] (InvalidArgumentException(code: 0): Auth guard [admin] is not defined. at /Users/apple/DB-Library_Petch_Part/vendor/laravel/framework/src/Illuminate/Auth/AuthManager.php:84)
[stacktrace]
#0 /Users/apple/DB-Library_Petch_Part/vendor/laravel/framework/src/Illuminate/Auth/AuthManager.php(68): Illuminate\\Auth\\AuthManager->resolve('admin')
#1 /Users/apple/DB-Library_Petch_Part/vendor/laravel/framework/src/Illuminate/Auth/Middleware/Authenticate.php(62): Illuminate\\Auth\\AuthManager->guard('admin')
#2 /Users/apple/DB-Library_Petch_Part/vendor/laravel/framework/src/Illuminate/Auth/Middleware/Authenticate.php(41): Illuminate\\Auth\\Middleware\\Authenticate->authenticate(Object(Illuminate\\Http\\Request), Array)
#3 /Users/apple/DB-Library_Petch_Part/vendor/laravel/framework/src/Illuminate/Pipeline/Pipeline.php(163): Illuminate\\Auth\\Middleware\\Authenticate->handle(Object(Illuminate\\Http\\Request), Object(Closure), 'admin')
#4 /Users/apple/DB-Library_Petch_Part/vendor/laravel/framework/src/Illuminate/Routing/Pipeline.php(53): Illuminate\\Pipeline\\Pipeline->Illuminate\\Pipeline\\{closure}(Object(Illuminate\\Http\\Request))
#5 /Users/apple/DB-Library_Petch_Part/vendor/laravel/framework/src/Illuminate/Foundation/Http/Middleware/VerifyCsrfToken.php(75): Illuminate\\Routing\\Pipeline->Illuminate\\Routing\\{closure}(Object(Illuminate\\Http\\Request))
#6 /Users/apple/DB-Library_Petch_Part/vendor/laravel/framework/src/Illuminate/Pipeline/Pipeline.php(163): Illuminate\\Foundation\\Http\\Middleware\\VerifyCsrfToken->handle(Object(Illuminate\\Http\\Request), Object(Closure))
#7 /Users/apple/DB-Library_Petch_Part/vendor/laravel/framework/src/Illuminate/Routing/Pipeline.php(53): Illuminate\\Pipeline\\Pipeline->Illuminate\\Pipeline\\{closure}(Object(Illuminate\\Http\\Request))
#8 /Users/apple/DB-Library_Petch_Part/vendor/laravel/framework/src/Illuminate/View/Middleware/ShareErrorsFromSession.php(49): Illuminate\\Routing\\Pipeline->Illuminate\\Routing\\{closure}(Object(Illuminate\\Http\\Request))
#9 /Users/apple/DB-Library_Petch_Part/vendor/laravel/framework/src/Illuminate/Pipeline/Pipeline.php(163): Illuminate\\View\\Middleware\\ShareErrorsFromSession->handle(Object(Illuminate\\Http\\Request), Object(Closure))
#10 /Users/apple/DB-Library_Petch_Part/vendor/laravel/framework/src/Illuminate/Routing/Pipeline.php(53): Illuminate\\Pipeline\\Pipeline->Illuminate\\Pipeline\\{closure}(Object(Illuminate\\Http\\Request))
#11 /Users/apple/DB-Library_Petch_Part/vendor/laravel/framework/src/Illuminate/Session/Middleware/StartSession.php(56): Illuminate\\Routing\\Pipeline->Illuminate\\Routing\\{closure}(Object(Illuminate\\Http\\Request))
#12 /Users/apple/DB-Library_Petch_Part/vendor/laravel/framework/src/Illuminate/Pipeline/Pipeline.php(163): Illuminate\\Session\\Middleware\\StartSession->handle(Object(Illuminate\\Http\\Request), Object(Closure))
#13 /Users/apple/DB-Library_Petch_Part/vendor/laravel/framework/src/Illuminate/Routing/Pipeline.php(53): Illuminate\\Pipeline\\Pipeline->Illuminate\\Pipeline\\{closure}(Object(Illuminate\\Http\\Request))
#14 /Users/apple/DB-Library_Petch_Part/vendor/laravel/framework/src/Illuminate/Cookie/Middleware/AddQueuedCookiesToResponse.php(37): Illuminate\\Routing\\Pipeline->Illuminate\\Routing\\{closure}(Object(Illuminate\\Http\\Request))
#15 /Users/apple/DB-Library_Petch_Part/vendor/laravel/framework/src/Illuminate/Pipeline/Pipeline.php(163): Illuminate\\Cookie\\Middleware\\AddQueuedCookiesToResponse->handle(Object(Illuminate\\Http\\Request), Object(Closure))
#16 /Users/apple/DB-Library_Petch_Part/vendor/laravel/framework/src/Illuminate/Routing/Pipeline.php(53): Illuminate\\Pipeline\\Pipeline->Illuminate\\Pipeline\\{closure}(Object(Illuminate\\Http\\Request))
#17 /Users/apple/DB-Library_Petch_Part/vendor/laravel/framework/src/Illuminate/Cookie/Middleware/EncryptCookies.php(66): Illuminate\\Routing\\Pipeline->Illuminate\\Routing\\{closure}(Object(Illuminate\\Http\\Request))
#18 /Users/apple/DB-Library_Petch_Part/vendor/laravel/framework/src/Illuminate/Pipeline/Pipeline.php(163): Illuminate\\Cookie\\Middleware\\EncryptCookies->handle(Object(Illuminate\\Http\\Request), Object(Closure))
#19 /Users/apple/DB-Library_Petch_Part/vendor/laravel/framework/src/Illuminate/Routing/Pipeline.php(53): Illuminate\\Pipeline\\Pipeline->Illuminate\\Pipeline\\{closure}(Object(Illuminate\\Http\\Request))
#20 /Users/apple/DB-Library_Petch_Part/vendor/laravel/framework/src/Illuminate/Pipeline/Pipeline.php(104): Illuminate\\Routing\\Pipeline->Illuminate\\Routing\\{closure}(Object(Illuminate\\Http\\Request))
#21 /Users/apple/DB-Library_Petch_Part/vendor/laravel/framework/src/Illuminate/Routing/Router.php(682): Illuminate\\Pipeline\\Pipeline->then(Object(Closure))
#22 /Users/apple/DB-Library_Petch_Part/vendor/laravel/framework/src/Illuminate/Routing/Router.php(657): Illuminate\\Routing\\Router->runRouteWithinStack(Object(Illuminate\\Routing\\Route), Object(Illuminate\\Http\\Request))
#23 /Users/apple/DB-Library_Petch_Part/vendor/laravel/framework/src/Illuminate/Routing/Router.php(623): Illuminate\\Routing\\Router->runRoute(Object(Illuminate\\Http\\Request), Object(Illuminate\\Routing\\Route))
#24 /Users/apple/DB-Library_Petch_Part/vendor/laravel/framework/src/Illuminate/Routing/Router.php(612): Illuminate\\Routing\\Router->dispatchToRoute(Object(Illuminate\\Http\\Request))
#25 /Users/apple/DB-Library_Petch_Part/vendor/laravel/framework/src/Illuminate/Foundation/Http/Kernel.php(176): Illuminate\\Routing\\Router->dispatch(Object(Illuminate\\Http\\Request))
#26 /Users/apple/DB-Library_Petch_Part/vendor/laravel/framework/src/Illuminate/Routing/Pipeline.php(30): Illuminate\\Foundation\\Http\\Kernel->Illuminate\\Foundation\\Http\\{closure}(Object(Illuminate\\Http\\Request))
#27 /Users/apple/DB-Library_Petch_Part/vendor/laravel/framework/src/Illuminate/Foundation/Http/Middleware/TransformsRequest.php(21): Illuminate\\Routing\\Pipeline->Illuminate\\Routing\\{closure}(Object(Illuminate\\Http\\Request))
#28 /Users/apple/DB-Library_Petch_Part/vendor/laravel/framework/src/Illuminate/Pipeline/Pipeline.php(163): Illuminate\\Foundation\\Http\\Middleware\\TransformsRequest->handle(Object(Illuminate\\Http\\Request), Object(Closure))
#29 /Users/apple/DB-Library_Petch_Part/vendor/laravel/framework/src/Illuminate/Routing/Pipeline.php(53): Illuminate\\Pipeline\\Pipeline->Illuminate\\Pipeline\\{closure}(Object(Illuminate\\Http\\Request))
#30 /Users/apple/DB-Library_Petch_Part/vendor/laravel/framework/src/Illuminate/Foundation/Http/Middleware/TransformsRequest.php(21): Illuminate\\Routing\\Pipeline->Illuminate\\Routing\\{closure}(Object(Illuminate\\Http\\Request))
#31 /Users/apple/DB-Library_Petch_Part/vendor/laravel/framework/src/Illuminate/Pipeline/Pipeline.php(163): Illuminate\\Foundation\\Http\\Middleware\\TransformsRequest->handle(Object(Illuminate\\Http\\Request), Object(Closure))
#32 /Users/apple/DB-Library_Petch_Part/vendor/laravel/framework/src/Illuminate/Routing/Pipeline.php(53): Illuminate\\Pipeline\\Pipeline->Illuminate\\Pipeline\\{closure}(Object(Illuminate\\Http\\Request))
#33 /Users/apple/DB-Library_Petch_Part/vendor/laravel/framework/src/Illuminate/Foundation/Http/Middleware/ValidatePostSize.php(27): Illuminate\\Routing\\Pipeline->Illuminate\\Routing\\{closure}(Object(Illuminate\\Http\\Request))
#34 /Users/apple/DB-Library_Petch_Part/vendor/laravel/framework/src/Illuminate/Pipeline/Pipeline.php(163): Illuminate\\Foundation\\Http\\Middleware\\ValidatePostSize->handle(Object(Illuminate\\Http\\Request), Object(Closure))
#35 /Users/apple/DB-Library_Petch_Part/vendor/laravel/framework/src/Illuminate/Routing/Pipeline.php(53): Illuminate\\Pipeline\\Pipeline->Illuminate\\Pipeline\\{closure}(Object(Illuminate\\Http\\Request))
#36 /Users/apple/DB-Library_Petch_Part/vendor/laravel/framework/src/Illuminate/Foundation/Http/Middleware/CheckForMaintenanceMode.php(62): Illuminate\\Routing\\Pipeline->Illuminate\\Routing\\{closure}(Object(Illuminate\\Http\\Request))
#37 /Users/apple/DB-Library_Petch_Part/vendor/laravel/framework/src/Illuminate/Pipeline/Pipeline.php(163): Illuminate\\Foundation\\Http\\Middleware\\CheckForMaintenanceMode->handle(Object(Illuminate\\Http\\Request), Object(Closure))
#38 /Users/apple/DB-Library_Petch_Part/vendor/laravel/framework/src/Illuminate/Routing/Pipeline.php(53): Illuminate\\Pipeline\\Pipeline->Illuminate\\Pipeline\\{closure}(Object(Illuminate\\Http\\Request))
#39 /Users/apple/DB-Library_Petch_Part/vendor/fideloper/proxy/src/TrustProxies.php(57): Illuminate\\Routing\\Pipeline->Illuminate\\Routing\\{closure}(Object(Illuminate\\Http\\Request))
#40 /Users/apple/DB-Library_Petch_Part/vendor/laravel/framework/src/Illuminate/Pipeline/Pipeline.php(163): Fideloper\\Proxy\\TrustProxies->handle(Object(Illuminate\\Http\\Request), Object(Closure))
#41 /Users/apple/DB-Library_Petch_Part/vendor/laravel/framework/src/Illuminate/Routing/Pipeline.php(53): Illuminate\\Pipeline\\Pipeline->Illuminate\\Pipeline\\{closure}(Object(Illuminate\\Http\\Request))
#42 /Users/apple/DB-Library_Petch_Part/vendor/laravel/framework/src/Illuminate/Pipeline/Pipeline.php(104): Illuminate\\Routing\\Pipeline->Illuminate\\Routing\\{closure}(Object(Illuminate\\Http\\Request))
#43 /Users/apple/DB-Library_Petch_Part/vendor/laravel/framework/src/Illuminate/Foundation/Http/Kernel.php(151): Illuminate\\Pipeline\\Pipeline->then(Object(Closure))
#44 /Users/apple/DB-Library_Petch_Part/vendor/laravel/framework/src/Illuminate/Foundation/Http/Kernel.php(116): Illuminate\\Foundation\\Http\\Kernel->sendRequestThroughRouter(Object(Illuminate\\Http\\Request))
#45 /Users/apple/DB-Library_Petch_Part/public/index.php(55): Illuminate\\Foundation\\Http\\Kernel->handle(Object(Illuminate\\Http\\Request))
#46 /Users/apple/DB-Library_Petch_Part/server.php(21): require_once('/Users/apple/DB...')
#47 {main}
"} 
[2019-10-19 18:00:31] local.ERROR: Auth guard [admin] is not defined. {"exception":"[object] (InvalidArgumentException(code: 0): Auth guard [admin] is not defined. at /Users/apple/DB-Library_Petch_Part/vendor/laravel/framework/src/Illuminate/Auth/AuthManager.php:84)
[stacktrace]
#0 /Users/apple/DB-Library_Petch_Part/vendor/laravel/framework/src/Illuminate/Auth/AuthManager.php(68): Illuminate\\Auth\\AuthManager->resolve('admin')
#1 /Users/apple/DB-Library_Petch_Part/vendor/laravel/framework/src/Illuminate/Auth/Middleware/Authenticate.php(62): Illuminate\\Auth\\AuthManager->guard('admin')
#2 /Users/apple/DB-Library_Petch_Part/vendor/laravel/framework/src/Illuminate/Auth/Middleware/Authenticate.php(41): Illuminate\\Auth\\Middleware\\Authenticate->authenticate(Object(Illuminate\\Http\\Request), Array)
#3 /Users/apple/DB-Library_Petch_Part/vendor/laravel/framework/src/Illuminate/Pipeline/Pipeline.php(163): Illuminate\\Auth\\Middleware\\Authenticate->handle(Object(Illuminate\\Http\\Request), Object(Closure), 'admin')
#4 /Users/apple/DB-Library_Petch_Part/vendor/laravel/framework/src/Illuminate/Routing/Pipeline.php(53): Illuminate\\Pipeline\\Pipeline->Illuminate\\Pipeline\\{closure}(Object(Illuminate\\Http\\Request))
#5 /Users/apple/DB-Library_Petch_Part/vendor/laravel/framework/src/Illuminate/Foundation/Http/Middleware/VerifyCsrfToken.php(75): Illuminate\\Routing\\Pipeline->Illuminate\\Routing\\{closure}(Object(Illuminate\\Http\\Request))
#6 /Users/apple/DB-Library_Petch_Part/vendor/laravel/framework/src/Illuminate/Pipeline/Pipeline.php(163): Illuminate\\Foundation\\Http\\Middleware\\VerifyCsrfToken->handle(Object(Illuminate\\Http\\Request), Object(Closure))
#7 /Users/apple/DB-Library_Petch_Part/vendor/laravel/framework/src/Illuminate/Routing/Pipeline.php(53): Illuminate\\Pipeline\\Pipeline->Illuminate\\Pipeline\\{closure}(Object(Illuminate\\Http\\Request))
#8 /Users/apple/DB-Library_Petch_Part/vendor/laravel/framework/src/Illuminate/View/Middleware/ShareErrorsFromSession.php(49): Illuminate\\Routing\\Pipeline->Illuminate\\Routing\\{closure}(Object(Illuminate\\Http\\Request))
#9 /Users/apple/DB-Library_Petch_Part/vendor/laravel/framework/src/Illuminate/Pipeline/Pipeline.php(163): Illuminate\\View\\Middleware\\ShareErrorsFromSession->handle(Object(Illuminate\\Http\\Request), Object(Closure))
#10 /Users/apple/DB-Library_Petch_Part/vendor/laravel/framework/src/Illuminate/Routing/Pipeline.php(53): Illuminate\\Pipeline\\Pipeline->Illuminate\\Pipeline\\{closure}(Object(Illuminate\\Http\\Request))
#11 /Users/apple/DB-Library_Petch_Part/vendor/laravel/framework/src/Illuminate/Session/Middleware/StartSession.php(56): Illuminate\\Routing\\Pipeline->Illuminate\\Routing\\{closure}(Object(Illuminate\\Http\\Request))
#12 /Users/apple/DB-Library_Petch_Part/vendor/laravel/framework/src/Illuminate/Pipeline/Pipeline.php(163): Illuminate\\Session\\Middleware\\StartSession->handle(Object(Illuminate\\Http\\Request), Object(Closure))
#13 /Users/apple/DB-Library_Petch_Part/vendor/laravel/framework/src/Illuminate/Routing/Pipeline.php(53): Illuminate\\Pipeline\\Pipeline->Illuminate\\Pipeline\\{closure}(Object(Illuminate\\Http\\Request))
#14 /Users/apple/DB-Library_Petch_Part/vendor/laravel/framework/src/Illuminate/Cookie/Middleware/AddQueuedCookiesToResponse.php(37): Illuminate\\Routing\\Pipeline->Illuminate\\Routing\\{closure}(Object(Illuminate\\Http\\Request))
#15 /Users/apple/DB-Library_Petch_Part/vendor/laravel/framework/src/Illuminate/Pipeline/Pipeline.php(163): Illuminate\\Cookie\\Middleware\\AddQueuedCookiesToResponse->handle(Object(Illuminate\\Http\\Request), Object(Closure))
#16 /Users/apple/DB-Library_Petch_Part/vendor/laravel/framework/src/Illuminate/Routing/Pipeline.php(53): Illuminate\\Pipeline\\Pipeline->Illuminate\\Pipeline\\{closure}(Object(Illuminate\\Http\\Request))
#17 /Users/apple/DB-Library_Petch_Part/vendor/laravel/framework/src/Illuminate/Cookie/Middleware/EncryptCookies.php(66): Illuminate\\Routing\\Pipeline->Illuminate\\Routing\\{closure}(Object(Illuminate\\Http\\Request))
#18 /Users/apple/DB-Library_Petch_Part/vendor/laravel/framework/src/Illuminate/Pipeline/Pipeline.php(163): Illuminate\\Cookie\\Middleware\\EncryptCookies->handle(Object(Illuminate\\Http\\Request), Object(Closure))
#19 /Users/apple/DB-Library_Petch_Part/vendor/laravel/framework/src/Illuminate/Routing/Pipeline.php(53): Illuminate\\Pipeline\\Pipeline->Illuminate\\Pipeline\\{closure}(Object(Illuminate\\Http\\Request))
#20 /Users/apple/DB-Library_Petch_Part/vendor/laravel/framework/src/Illuminate/Pipeline/Pipeline.php(104): Illuminate\\Routing\\Pipeline->Illuminate\\Routing\\{closure}(Object(Illuminate\\Http\\Request))
#21 /Users/apple/DB-Library_Petch_Part/vendor/laravel/framework/src/Illuminate/Routing/Router.php(682): Illuminate\\Pipeline\\Pipeline->then(Object(Closure))
#22 /Users/apple/DB-Library_Petch_Part/vendor/laravel/framework/src/Illuminate/Routing/Router.php(657): Illuminate\\Routing\\Router->runRouteWithinStack(Object(Illuminate\\Routing\\Route), Object(Illuminate\\Http\\Request))
#23 /Users/apple/DB-Library_Petch_Part/vendor/laravel/framework/src/Illuminate/Routing/Router.php(623): Illuminate\\Routing\\Router->runRoute(Object(Illuminate\\Http\\Request), Object(Illuminate\\Routing\\Route))
#24 /Users/apple/DB-Library_Petch_Part/vendor/laravel/framework/src/Illuminate/Routing/Router.php(612): Illuminate\\Routing\\Router->dispatchToRoute(Object(Illuminate\\Http\\Request))
#25 /Users/apple/DB-Library_Petch_Part/vendor/laravel/framework/src/Illuminate/Foundation/Http/Kernel.php(176): Illuminate\\Routing\\Router->dispatch(Object(Illuminate\\Http\\Request))
#26 /Users/apple/DB-Library_Petch_Part/vendor/laravel/framework/src/Illuminate/Routing/Pipeline.php(30): Illuminate\\Foundation\\Http\\Kernel->Illuminate\\Foundation\\Http\\{closure}(Object(Illuminate\\Http\\Request))
#27 /Users/apple/DB-Library_Petch_Part/vendor/laravel/framework/src/Illuminate/Foundation/Http/Middleware/TransformsRequest.php(21): Illuminate\\Routing\\Pipeline->Illuminate\\Routing\\{closure}(Object(Illuminate\\Http\\Request))
#28 /Users/apple/DB-Library_Petch_Part/vendor/laravel/framework/src/Illuminate/Pipeline/Pipeline.php(163): Illuminate\\Foundation\\Http\\Middleware\\TransformsRequest->handle(Object(Illuminate\\Http\\Request), Object(Closure))
#29 /Users/apple/DB-Library_Petch_Part/vendor/laravel/framework/src/Illuminate/Routing/Pipeline.php(53): Illuminate\\Pipeline\\Pipeline->Illuminate\\Pipeline\\{closure}(Object(Illuminate\\Http\\Request))
#30 /Users/apple/DB-Library_Petch_Part/vendor/laravel/framework/src/Illuminate/Foundation/Http/Middleware/TransformsRequest.php(21): Illuminate\\Routing\\Pipeline->Illuminate\\Routing\\{closure}(Object(Illuminate\\Http\\Request))
#31 /Users/apple/DB-Library_Petch_Part/vendor/laravel/framework/src/Illuminate/Pipeline/Pipeline.php(163): Illuminate\\Foundation\\Http\\Middleware\\TransformsRequest->handle(Object(Illuminate\\Http\\Request), Object(Closure))
#32 /Users/apple/DB-Library_Petch_Part/vendor/laravel/framework/src/Illuminate/Routing/Pipeline.php(53): Illuminate\\Pipeline\\Pipeline->Illuminate\\Pipeline\\{closure}(Object(Illuminate\\Http\\Request))
#33 /Users/apple/DB-Library_Petch_Part/vendor/laravel/framework/src/Illuminate/Foundation/Http/Middleware/ValidatePostSize.php(27): Illuminate\\Routing\\Pipeline->Illuminate\\Routing\\{closure}(Object(Illuminate\\Http\\Request))
#34 /Users/apple/DB-Library_Petch_Part/vendor/laravel/framework/src/Illuminate/Pipeline/Pipeline.php(163): Illuminate\\Foundation\\Http\\Middleware\\ValidatePostSize->handle(Object(Illuminate\\Http\\Request), Object(Closure))
#35 /Users/apple/DB-Library_Petch_Part/vendor/laravel/framework/src/Illuminate/Routing/Pipeline.php(53): Illuminate\\Pipeline\\Pipeline->Illuminate\\Pipeline\\{closure}(Object(Illuminate\\Http\\Request))
#36 /Users/apple/DB-Library_Petch_Part/vendor/laravel/framework/src/Illuminate/Foundation/Http/Middleware/CheckForMaintenanceMode.php(62): Illuminate\\Routing\\Pipeline->Illuminate\\Routing\\{closure}(Object(Illuminate\\Http\\Request))
#37 /Users/apple/DB-Library_Petch_Part/vendor/laravel/framework/src/Illuminate/Pipeline/Pipeline.php(163): Illuminate\\Foundation\\Http\\Middleware\\CheckForMaintenanceMode->handle(Object(Illuminate\\Http\\Request), Object(Closure))
#38 /Users/apple/DB-Library_Petch_Part/vendor/laravel/framework/src/Illuminate/Routing/Pipeline.php(53): Illuminate\\Pipeline\\Pipeline->Illuminate\\Pipeline\\{closure}(Object(Illuminate\\Http\\Request))
#39 /Users/apple/DB-Library_Petch_Part/vendor/fideloper/proxy/src/TrustProxies.php(57): Illuminate\\Routing\\Pipeline->Illuminate\\Routing\\{closure}(Object(Illuminate\\Http\\Request))
#40 /Users/apple/DB-Library_Petch_Part/vendor/laravel/framework/src/Illuminate/Pipeline/Pipeline.php(163): Fideloper\\Proxy\\TrustProxies->handle(Object(Illuminate\\Http\\Request), Object(Closure))
#41 /Users/apple/DB-Library_Petch_Part/vendor/laravel/framework/src/Illuminate/Routing/Pipeline.php(53): Illuminate\\Pipeline\\Pipeline->Illuminate\\Pipeline\\{closure}(Object(Illuminate\\Http\\Request))
#42 /Users/apple/DB-Library_Petch_Part/vendor/laravel/framework/src/Illuminate/Pipeline/Pipeline.php(104): Illuminate\\Routing\\Pipeline->Illuminate\\Routing\\{closure}(Object(Illuminate\\Http\\Request))
#43 /Users/apple/DB-Library_Petch_Part/vendor/laravel/framework/src/Illuminate/Foundation/Http/Kernel.php(151): Illuminate\\Pipeline\\Pipeline->then(Object(Closure))
#44 /Users/apple/DB-Library_Petch_Part/vendor/laravel/framework/src/Illuminate/Foundation/Http/Kernel.php(116): Illuminate\\Foundation\\Http\\Kernel->sendRequestThroughRouter(Object(Illuminate\\Http\\Request))
#45 /Users/apple/DB-Library_Petch_Part/public/index.php(55): Illuminate\\Foundation\\Http\\Kernel->handle(Object(Illuminate\\Http\\Request))
#46 /Users/apple/DB-Library_Petch_Part/server.php(21): require_once('/Users/apple/DB...')
#47 {main}
"} 
[2019-10-19 18:25:15] local.ERROR: Method Illuminate\Auth\SessionGuard::cutomers does not exist. (View: /Users/apple/DB-Library_Petch_Part/resources/views/layouts/app.blade.php) (View: /Users/apple/DB-Library_Petch_Part/resources/views/layouts/app.blade.php) {"exception":"[object] (ErrorException(code: 0): Method Illuminate\\Auth\\SessionGuard::cutomers does not exist. (View: /Users/apple/DB-Library_Petch_Part/resources/views/layouts/app.blade.php) (View: /Users/apple/DB-Library_Petch_Part/resources/views/layouts/app.blade.php) at /Users/apple/DB-Library_Petch_Part/vendor/laravel/framework/src/Illuminate/Support/Traits/Macroable.php:104, ErrorException(code: 0): Method Illuminate\\Auth\\SessionGuard::cutomers does not exist. (View: /Users/apple/DB-Library_Petch_Part/resources/views/layouts/app.blade.php) at /Users/apple/DB-Library_Petch_Part/vendor/laravel/framework/src/Illuminate/Support/Traits/Macroable.php:104, BadMethodCallException(code: 0): Method Illuminate\\Auth\\SessionGuard::cutomers does not exist. at /Users/apple/DB-Library_Petch_Part/vendor/laravel/framework/src/Illuminate/Support/Traits/Macroable.php:104)
[stacktrace]
#0 /Users/apple/DB-Library_Petch_Part/vendor/laravel/framework/src/Illuminate/View/Engines/PhpEngine.php(45): Illuminate\\View\\Engines\\CompilerEngine->handleViewException(Object(ErrorException), 0)
#1 /Users/apple/DB-Library_Petch_Part/vendor/laravel/framework/src/Illuminate/View/Engines/CompilerEngine.php(59): Illuminate\\View\\Engines\\PhpEngine->evaluatePath('/Users/apple/DB...', Array)
#2 /Users/apple/DB-Library_Petch_Part/vendor/laravel/framework/src/Illuminate/View/View.php(142): Illuminate\\View\\Engines\\CompilerEngine->get('/Users/apple/DB...', Array)
#3 /Users/apple/DB-Library_Petch_Part/vendor/laravel/framework/src/Illuminate/View/View.php(125): Illuminate\\View\\View->getContents()
#4 /Users/apple/DB-Library_Petch_Part/vendor/laravel/framework/src/Illuminate/View/View.php(90): Illuminate\\View\\View->renderContents()
#5 /Users/apple/DB-Library_Petch_Part/vendor/laravel/framework/src/Illuminate/Http/Response.php(42): Illuminate\\View\\View->render()
#6 /Users/apple/DB-Library_Petch_Part/vendor/symfony/http-foundation/Response.php(202): Illuminate\\Http\\Response->setContent(Object(Illuminate\\View\\View))
#7 /Users/apple/DB-Library_Petch_Part/vendor/laravel/framework/src/Illuminate/Routing/Router.php(748): Symfony\\Component\\HttpFoundation\\Response->__construct(Object(Illuminate\\View\\View))
#8 /Users/apple/DB-Library_Petch_Part/vendor/laravel/framework/src/Illuminate/Routing/Router.php(720): Illuminate\\Routing\\Router::toResponse(Object(Illuminate\\Http\\Request), Object(Illuminate\\View\\View))
#9 /Users/apple/DB-Library_Petch_Part/vendor/laravel/framework/src/Illuminate/Routing/Router.php(680): Illuminate\\Routing\\Router->prepareResponse(Object(Illuminate\\Http\\Request), Object(Illuminate\\View\\View))
#10 /Users/apple/DB-Library_Petch_Part/vendor/laravel/framework/src/Illuminate/Routing/Pipeline.php(30): Illuminate\\Routing\\Router->Illuminate\\Routing\\{closure}(Object(Illuminate\\Http\\Request))
#11 /Users/apple/DB-Library_Petch_Part/vendor/laravel/framework/src/Illuminate/Routing/Middleware/SubstituteBindings.php(41): Illuminate\\Routing\\Pipeline->Illuminate\\Routing\\{closure}(Object(Illuminate\\Http\\Request))
#12 /Users/apple/DB-Library_Petch_Part/vendor/laravel/framework/src/Illuminate/Pipeline/Pipeline.php(163): Illuminate\\Routing\\Middleware\\SubstituteBindings->handle(Object(Illuminate\\Http\\Request), Object(Closure))
#13 /Users/apple/DB-Library_Petch_Part/vendor/laravel/framework/src/Illuminate/Routing/Pipeline.php(53): Illuminate\\Pipeline\\Pipeline->Illuminate\\Pipeline\\{closure}(Object(Illuminate\\Http\\Request))
#14 /Users/apple/DB-Library_Petch_Part/vendor/laravel/framework/src/Illuminate/Auth/Middleware/Authenticate.php(43): Illuminate\\Routing\\Pipeline->Illuminate\\Routing\\{closure}(Object(Illuminate\\Http\\Request))
#15 /Users/apple/DB-Library_Petch_Part/vendor/laravel/framework/src/Illuminate/Pipeline/Pipeline.php(163): Illuminate\\Auth\\Middleware\\Authenticate->handle(Object(Illuminate\\Http\\Request), Object(Closure))
#16 /Users/apple/DB-Library_Petch_Part/vendor/laravel/framework/src/Illuminate/Routing/Pipeline.php(53): Illuminate\\Pipeline\\Pipeline->Illuminate\\Pipeline\\{closure}(Object(Illuminate\\Http\\Request))
#17 /Users/apple/DB-Library_Petch_Part/vendor/laravel/framework/src/Illuminate/Foundation/Http/Middleware/VerifyCsrfToken.php(75): Illuminate\\Routing\\Pipeline->Illuminate\\Routing\\{closure}(Object(Illuminate\\Http\\Request))
#18 /Users/apple/DB-Library_Petch_Part/vendor/laravel/framework/src/Illuminate/Pipeline/Pipeline.php(163): Illuminate\\Foundation\\Http\\Middleware\\VerifyCsrfToken->handle(Object(Illuminate\\Http\\Request), Object(Closure))
#19 /Users/apple/DB-Library_Petch_Part/vendor/laravel/framework/src/Illuminate/Routing/Pipeline.php(53): Illuminate\\Pipeline\\Pipeline->Illuminate\\Pipeline\\{closure}(Object(Illuminate\\Http\\Request))
#20 /Users/apple/DB-Library_Petch_Part/vendor/laravel/framework/src/Illuminate/View/Middleware/ShareErrorsFromSession.php(49): Illuminate\\Routing\\Pipeline->Illuminate\\Routing\\{closure}(Object(Illuminate\\Http\\Request))
#21 /Users/apple/DB-Library_Petch_Part/vendor/laravel/framework/src/Illuminate/Pipeline/Pipeline.php(163): Illuminate\\View\\Middleware\\ShareErrorsFromSession->handle(Object(Illuminate\\Http\\Request), Object(Closure))
#22 /Users/apple/DB-Library_Petch_Part/vendor/laravel/framework/src/Illuminate/Routing/Pipeline.php(53): Illuminate\\Pipeline\\Pipeline->Illuminate\\Pipeline\\{closure}(Object(Illuminate\\Http\\Request))
#23 /Users/apple/DB-Library_Petch_Part/vendor/laravel/framework/src/Illuminate/Session/Middleware/StartSession.php(56): Illuminate\\Routing\\Pipeline->Illuminate\\Routing\\{closure}(Object(Illuminate\\Http\\Request))
#24 /Users/apple/DB-Library_Petch_Part/vendor/laravel/framework/src/Illuminate/Pipeline/Pipeline.php(163): Illuminate\\Session\\Middleware\\StartSession->handle(Object(Illuminate\\Http\\Request), Object(Closure))
#25 /Users/apple/DB-Library_Petch_Part/vendor/laravel/framework/src/Illuminate/Routing/Pipeline.php(53): Illuminate\\Pipeline\\Pipeline->Illuminate\\Pipeline\\{closure}(Object(Illuminate\\Http\\Request))
#26 /Users/apple/DB-Library_Petch_Part/vendor/laravel/framework/src/Illuminate/Cookie/Middleware/AddQueuedCookiesToResponse.php(37): Illuminate\\Routing\\Pipeline->Illuminate\\Routing\\{closure}(Object(Illuminate\\Http\\Request))
#27 /Users/apple/DB-Library_Petch_Part/vendor/laravel/framework/src/Illuminate/Pipeline/Pipeline.php(163): Illuminate\\Cookie\\Middleware\\AddQueuedCookiesToResponse->handle(Object(Illuminate\\Http\\Request), Object(Closure))
#28 /Users/apple/DB-Library_Petch_Part/vendor/laravel/framework/src/Illuminate/Routing/Pipeline.php(53): Illuminate\\Pipeline\\Pipeline->Illuminate\\Pipeline\\{closure}(Object(Illuminate\\Http\\Request))
#29 /Users/apple/DB-Library_Petch_Part/vendor/laravel/framework/src/Illuminate/Cookie/Middleware/EncryptCookies.php(66): Illuminate\\Routing\\Pipeline->Illuminate\\Routing\\{closure}(Object(Illuminate\\Http\\Request))
#30 /Users/apple/DB-Library_Petch_Part/vendor/laravel/framework/src/Illuminate/Pipeline/Pipeline.php(163): Illuminate\\Cookie\\Middleware\\EncryptCookies->handle(Object(Illuminate\\Http\\Request), Object(Closure))
#31 /Users/apple/DB-Library_Petch_Part/vendor/laravel/framework/src/Illuminate/Routing/Pipeline.php(53): Illuminate\\Pipeline\\Pipeline->Illuminate\\Pipeline\\{closure}(Object(Illuminate\\Http\\Request))
#32 /Users/apple/DB-Library_Petch_Part/vendor/laravel/framework/src/Illuminate/Pipeline/Pipeline.php(104): Illuminate\\Routing\\Pipeline->Illuminate\\Routing\\{closure}(Object(Illuminate\\Http\\Request))
#33 /Users/apple/DB-Library_Petch_Part/vendor/laravel/framework/src/Illuminate/Routing/Router.php(682): Illuminate\\Pipeline\\Pipeline->then(Object(Closure))
#34 /Users/apple/DB-Library_Petch_Part/vendor/laravel/framework/src/Illuminate/Routing/Router.php(657): Illuminate\\Routing\\Router->runRouteWithinStack(Object(Illuminate\\Routing\\Route), Object(Illuminate\\Http\\Request))
#35 /Users/apple/DB-Library_Petch_Part/vendor/laravel/framework/src/Illuminate/Routing/Router.php(623): Illuminate\\Routing\\Router->runRoute(Object(Illuminate\\Http\\Request), Object(Illuminate\\Routing\\Route))
#36 /Users/apple/DB-Library_Petch_Part/vendor/laravel/framework/src/Illuminate/Routing/Router.php(612): Illuminate\\Routing\\Router->dispatchToRoute(Object(Illuminate\\Http\\Request))
#37 /Users/apple/DB-Library_Petch_Part/vendor/laravel/framework/src/Illuminate/Foundation/Http/Kernel.php(176): Illuminate\\Routing\\Router->dispatch(Object(Illuminate\\Http\\Request))
#38 /Users/apple/DB-Library_Petch_Part/vendor/laravel/framework/src/Illuminate/Routing/Pipeline.php(30): Illuminate\\Foundation\\Http\\Kernel->Illuminate\\Foundation\\Http\\{closure}(Object(Illuminate\\Http\\Request))
#39 /Users/apple/DB-Library_Petch_Part/vendor/laravel/framework/src/Illuminate/Foundation/Http/Middleware/TransformsRequest.php(21): Illuminate\\Routing\\Pipeline->Illuminate\\Routing\\{closure}(Object(Illuminate\\Http\\Request))
#40 /Users/apple/DB-Library_Petch_Part/vendor/laravel/framework/src/Illuminate/Pipeline/Pipeline.php(163): Illuminate\\Foundation\\Http\\Middleware\\TransformsRequest->handle(Object(Illuminate\\Http\\Request), Object(Closure))
#41 /Users/apple/DB-Library_Petch_Part/vendor/laravel/framework/src/Illuminate/Routing/Pipeline.php(53): Illuminate\\Pipeline\\Pipeline->Illuminate\\Pipeline\\{closure}(Object(Illuminate\\Http\\Request))
#42 /Users/apple/DB-Library_Petch_Part/vendor/laravel/framework/src/Illuminate/Foundation/Http/Middleware/TransformsRequest.php(21): Illuminate\\Routing\\Pipeline->Illuminate\\Routing\\{closure}(Object(Illuminate\\Http\\Request))
#43 /Users/apple/DB-Library_Petch_Part/vendor/laravel/framework/src/Illuminate/Pipeline/Pipeline.php(163): Illuminate\\Foundation\\Http\\Middleware\\TransformsRequest->handle(Object(Illuminate\\Http\\Request), Object(Closure))
#44 /Users/apple/DB-Library_Petch_Part/vendor/laravel/framework/src/Illuminate/Routing/Pipeline.php(53): Illuminate\\Pipeline\\Pipeline->Illuminate\\Pipeline\\{closure}(Object(Illuminate\\Http\\Request))
#45 /Users/apple/DB-Library_Petch_Part/vendor/laravel/framework/src/Illuminate/Foundation/Http/Middleware/ValidatePostSize.php(27): Illuminate\\Routing\\Pipeline->Illuminate\\Routing\\{closure}(Object(Illuminate\\Http\\Request))
#46 /Users/apple/DB-Library_Petch_Part/vendor/laravel/framework/src/Illuminate/Pipeline/Pipeline.php(163): Illuminate\\Foundation\\Http\\Middleware\\ValidatePostSize->handle(Object(Illuminate\\Http\\Request), Object(Closure))
#47 /Users/apple/DB-Library_Petch_Part/vendor/laravel/framework/src/Illuminate/Routing/Pipeline.php(53): Illuminate\\Pipeline\\Pipeline->Illuminate\\Pipeline\\{closure}(Object(Illuminate\\Http\\Request))
#48 /Users/apple/DB-Library_Petch_Part/vendor/laravel/framework/src/Illuminate/Foundation/Http/Middleware/CheckForMaintenanceMode.php(62): Illuminate\\Routing\\Pipeline->Illuminate\\Routing\\{closure}(Object(Illuminate\\Http\\Request))
#49 /Users/apple/DB-Library_Petch_Part/vendor/laravel/framework/src/Illuminate/Pipeline/Pipeline.php(163): Illuminate\\Foundation\\Http\\Middleware\\CheckForMaintenanceMode->handle(Object(Illuminate\\Http\\Request), Object(Closure))
#50 /Users/apple/DB-Library_Petch_Part/vendor/laravel/framework/src/Illuminate/Routing/Pipeline.php(53): Illuminate\\Pipeline\\Pipeline->Illuminate\\Pipeline\\{closure}(Object(Illuminate\\Http\\Request))
#51 /Users/apple/DB-Library_Petch_Part/vendor/fideloper/proxy/src/TrustProxies.php(57): Illuminate\\Routing\\Pipeline->Illuminate\\Routing\\{closure}(Object(Illuminate\\Http\\Request))
#52 /Users/apple/DB-Library_Petch_Part/vendor/laravel/framework/src/Illuminate/Pipeline/Pipeline.php(163): Fideloper\\Proxy\\TrustProxies->handle(Object(Illuminate\\Http\\Request), Object(Closure))
#53 /Users/apple/DB-Library_Petch_Part/vendor/laravel/framework/src/Illuminate/Routing/Pipeline.php(53): Illuminate\\Pipeline\\Pipeline->Illuminate\\Pipeline\\{closure}(Object(Illuminate\\Http\\Request))
#54 /Users/apple/DB-Library_Petch_Part/vendor/laravel/framework/src/Illuminate/Pipeline/Pipeline.php(104): Illuminate\\Routing\\Pipeline->Illuminate\\Routing\\{closure}(Object(Illuminate\\Http\\Request))
#55 /Users/apple/DB-Library_Petch_Part/vendor/laravel/framework/src/Illuminate/Foundation/Http/Kernel.php(151): Illuminate\\Pipeline\\Pipeline->then(Object(Closure))
#56 /Users/apple/DB-Library_Petch_Part/vendor/laravel/framework/src/Illuminate/Foundation/Http/Kernel.php(116): Illuminate\\Foundation\\Http\\Kernel->sendRequestThroughRouter(Object(Illuminate\\Http\\Request))
#57 /Users/apple/DB-Library_Petch_Part/public/index.php(55): Illuminate\\Foundation\\Http\\Kernel->handle(Object(Illuminate\\Http\\Request))
#58 /Users/apple/DB-Library_Petch_Part/server.php(21): require_once('/Users/apple/DB...')
#59 {main}
"} 
